Log file open, 07/26/17 10:31:51
LogInit:Display: Running engine for game: FPS_Game
LogPlatformFile: Not using cached read wrapper
LogInit:Display: RandInit(-745562753) SRandInit(-745562753).
LogTaskGraph: Started task graph with 5 named threads and 6 total threads with 1 sets of task threads.
LogStats: Stats thread started at 0.058009
LogPluginManager: Loaded Plugin Paper2D, From C:/Program Files (x86)/Epic Games/4.14/Engine/Plugins/2D/Paper2D/Paper2D.uplugin
LogPluginManager: Loaded Plugin LightPropagationVolume, From C:/Program Files (x86)/Epic Games/4.14/Engine/Plugins/Blendables/LightPropagationVolume/LightPropagationVolume.uplugin
LogPluginManager: Loaded Plugin BlankPlugin, From C:/Program Files (x86)/Epic Games/4.14/Engine/Plugins/Developer/BlankPlugin/BlankPlugin.uplugin
LogPluginManager: Loaded Plugin CodeLiteSourceCodeAccess, From C:/Program Files (x86)/Epic Games/4.14/Engine/Plugins/Developer/CodeLiteSourceCodeAccess/CodeLiteSourceCodeAccess.uplugin
LogPluginManager: Loaded Plugin GitSourceControl, From C:/Program Files (x86)/Epic Games/4.14/Engine/Plugins/Developer/GitSourceControl/GitSourceControl.uplugin
LogPluginManager: Loaded Plugin KDevelopSourceCodeAccess, From C:/Program Files (x86)/Epic Games/4.14/Engine/Plugins/Developer/KDevelopSourceCodeAccess/KDevelopSourceCodeAccess.uplugin
LogPluginManager: Loaded Plugin NullSourceCodeAccess, From C:/Program Files (x86)/Epic Games/4.14/Engine/Plugins/Developer/NullSourceCodeAccess/NullSourceCodeAccess.uplugin
LogPluginManager: Loaded Plugin OneSkyLocalizationService, From C:/Program Files (x86)/Epic Games/4.14/Engine/Plugins/Developer/OneSkyLocalizationService/OneSkyLocalizationService.uplugin
LogPluginManager: Loaded Plugin PerforceSourceControl, From C:/Program Files (x86)/Epic Games/4.14/Engine/Plugins/Developer/PerforceSourceControl/PerforceSourceControl.uplugin
LogPluginManager: Loaded Plugin SubversionSourceControl, From C:/Program Files (x86)/Epic Games/4.14/Engine/Plugins/Developer/SubversionSourceControl/SubversionSourceControl.uplugin
LogPluginManager: Loaded Plugin UObjectPlugin, From C:/Program Files (x86)/Epic Games/4.14/Engine/Plugins/Developer/UObjectPlugin/UObjectPlugin.uplugin
LogPluginManager: Loaded Plugin VisualStudioSourceCodeAccess, From C:/Program Files (x86)/Epic Games/4.14/Engine/Plugins/Developer/VisualStudioSourceCodeAccess/VisualStudioSourceCodeAccess.uplugin
LogPluginManager: Loaded Plugin XCodeSourceCodeAccess, From C:/Program Files (x86)/Epic Games/4.14/Engine/Plugins/Developer/XCodeSourceCodeAccess/XCodeSourceCodeAccess.uplugin
LogPluginManager: Loaded Plugin AudioCapture, From C:/Program Files (x86)/Epic Games/4.14/Engine/Plugins/Editor/AudioCapture/AudioCapture.uplugin
LogPluginManager: Loaded Plugin EpicSurvey, From C:/Program Files (x86)/Epic Games/4.14/Engine/Plugins/Editor/EpicSurvey/EpicSurvey.uplugin
LogPluginManager: Loaded Plugin MacGraphicsSwitching, From C:/Program Files (x86)/Epic Games/4.14/Engine/Plugins/Editor/MacGraphicsSwitching/MacGraphicsSwitching.uplugin
LogPluginManager: Loaded Plugin MobileLauncherProfileWizard, From C:/Program Files (x86)/Epic Games/4.14/Engine/Plugins/Editor/MobileLauncherProfileWizard/MobileLauncherProfileWizard.uplugin
LogPluginManager: Loaded Plugin PluginBrowser, From C:/Program Files (x86)/Epic Games/4.14/Engine/Plugins/Editor/PluginBrowser/PluginBrowser.uplugin
LogPluginManager: Loaded Plugin SpeedTreeImporter, From C:/Program Files (x86)/Epic Games/4.14/Engine/Plugins/Editor/SpeedTreeImporter/SpeedTreeImporter.uplugin
LogPluginManager: Loaded Plugin SuperSearchEditor, From C:/Program Files (x86)/Epic Games/4.14/Engine/Plugins/Editor/SuperSearchEditor/SuperSearchEditor.uplugin
LogPluginManager: Loaded Plugin AlembicImporter, From C:/Program Files (x86)/Epic Games/4.14/Engine/Plugins/Experimental/AlembicImporter/AlembicImporter.uplugin
LogPluginManager: Loaded Plugin BlueprintStats, From C:/Program Files (x86)/Epic Games/4.14/Engine/Plugins/Experimental/BlueprintStats/BlueprintStats.uplugin
LogPluginManager: Loaded Plugin CharacterAI, From C:/Program Files (x86)/Epic Games/4.14/Engine/Plugins/Experimental/CharacterAI/CharacterAI.uplugin
LogPluginManager: Loaded Plugin CodeEditor, From C:/Program Files (x86)/Epic Games/4.14/Engine/Plugins/Experimental/CodeEditor/CodeEditor.uplugin
LogPluginManager: Loaded Plugin CodeView, From C:/Program Files (x86)/Epic Games/4.14/Engine/Plugins/Experimental/CodeView/CodeView.uplugin
LogPluginManager: Loaded Plugin HTML5Networking, From C:/Program Files (x86)/Epic Games/4.14/Engine/Plugins/Experimental/HTML5Networking/HTML5Networking.uplugin
LogPluginManager: Loaded Plugin OSVR, From C:/Program Files (x86)/Epic Games/4.14/Engine/Plugins/Experimental/OSVR/OSVR.uplugin
LogPluginManager: Loaded Plugin Phya, From C:/Program Files (x86)/Epic Games/4.14/Engine/Plugins/Experimental/Phya/Phya.uplugin
LogPluginManager: Loaded Plugin SignificanceManager, From C:/Program Files (x86)/Epic Games/4.14/Engine/Plugins/Experimental/SignificanceManager/SignificanceManager.uplugin
LogPluginManager: Loaded Plugin SimpleHMD, From C:/Program Files (x86)/Epic Games/4.14/Engine/Plugins/Experimental/SimpleHMD/SimpleHMD.uplugin
LogPluginManager: Loaded Plugin StereoPanorama, From C:/Program Files (x86)/Epic Games/4.14/Engine/Plugins/Experimental/StereoPanorama/StereoPanorama.uplugin
LogPluginManager: Loaded Plugin StructBox, From C:/Program Files (x86)/Epic Games/4.14/Engine/Plugins/Experimental/StructBox/StructBox.uplugin
LogPluginManager: Loaded Plugin AndroidMedia, From C:/Program Files (x86)/Epic Games/4.14/Engine/Plugins/Media/AndroidMedia/AndroidMedia.uplugin
LogPluginManager: Loaded Plugin AvfMedia, From C:/Program Files (x86)/Epic Games/4.14/Engine/Plugins/Media/AvfMedia/AvfMedia.uplugin
LogPluginManager: Loaded Plugin MediaPlayerEditor, From C:/Program Files (x86)/Epic Games/4.14/Engine/Plugins/Media/MediaPlayerEditor/MediaPlayerEditor.uplugin
LogPluginManager: Loaded Plugin WmfMedia, From C:/Program Files (x86)/Epic Games/4.14/Engine/Plugins/Media/WmfMedia/WmfMedia.uplugin
LogPluginManager: Loaded Plugin MessagingDebugger, From C:/Program Files (x86)/Epic Games/4.14/Engine/Plugins/Messaging/MessagingDebugger/MessagingDebugger.uplugin
LogPluginManager: Loaded Plugin TcpMessaging, From C:/Program Files (x86)/Epic Games/4.14/Engine/Plugins/Messaging/TcpMessaging/TcpMessaging.uplugin
LogPluginManager: Loaded Plugin UdpMessaging, From C:/Program Files (x86)/Epic Games/4.14/Engine/Plugins/Messaging/UdpMessaging/UdpMessaging.uplugin
LogPluginManager: Loaded Plugin LevelSequenceEditor, From C:/Program Files (x86)/Epic Games/4.14/Engine/Plugins/MovieScene/LevelSequenceEditor/LevelSequenceEditor.uplugin
LogPluginManager: Loaded Plugin MatineeToLevelSequence, From C:/Program Files (x86)/Epic Games/4.14/Engine/Plugins/MovieScene/MatineeToLevelSequence/MatineeToLevelSequence.uplugin
LogPluginManager: Loaded Plugin NetcodeUnitTest, From C:/Program Files (x86)/Epic Games/4.14/Engine/Plugins/NetcodeUnitTest/NetcodeUnitTest/NetcodeUnitTest.uplugin
LogPluginManager: Loaded Plugin NUTUnrealEngine4, From C:/Program Files (x86)/Epic Games/4.14/Engine/Plugins/NetcodeUnitTest/NUTUnrealEngine4/NUTUnrealEngine4.uplugin
LogPluginManager: Loaded Plugin OnlineSubsystemGameCircle, From C:/Program Files (x86)/Epic Games/4.14/Engine/Plugins/Online/Android/OnlineSubsystemGameCircle/OnlineSubsystemGameCircle.uplugin
LogPluginManager: Loaded Plugin OnlineSubsystemGooglePlay, From C:/Program Files (x86)/Epic Games/4.14/Engine/Plugins/Online/Android/OnlineSubsystemGooglePlay/OnlineSubsystemGooglePlay.uplugin
LogPluginManager: Loaded Plugin OnlineSubsystemIOS, From C:/Program Files (x86)/Epic Games/4.14/Engine/Plugins/Online/IOS/OnlineSubsystemIOS/OnlineSubsystemIOS.uplugin
LogPluginManager: Loaded Plugin OnlineFramework, From C:/Program Files (x86)/Epic Games/4.14/Engine/Plugins/Online/OnlineFramework/OnlineFramework.uplugin
LogPluginManager: Loaded Plugin OnlineSubsystem, From C:/Program Files (x86)/Epic Games/4.14/Engine/Plugins/Online/OnlineSubsystem/OnlineSubsystem.uplugin
LogPluginManager: Loaded Plugin OnlineSubsystemAmazon, From C:/Program Files (x86)/Epic Games/4.14/Engine/Plugins/Online/OnlineSubsystemAmazon/OnlineSubsystemAmazon.uplugin
LogPluginManager: Loaded Plugin OnlineSubsystemFacebook, From C:/Program Files (x86)/Epic Games/4.14/Engine/Plugins/Online/OnlineSubsystemFacebook/OnlineSubsystemFacebook.uplugin
LogPluginManager: Loaded Plugin OnlineSubsystemNull, From C:/Program Files (x86)/Epic Games/4.14/Engine/Plugins/Online/OnlineSubsystemNull/OnlineSubsystemNull.uplugin
LogPluginManager: Loaded Plugin OnlineSubsystemOculus, From C:/Program Files (x86)/Epic Games/4.14/Engine/Plugins/Online/OnlineSubsystemOculus/OnlineSubsystemOculus.uplugin
LogPluginManager: Loaded Plugin OnlineSubsystemSteam, From C:/Program Files (x86)/Epic Games/4.14/Engine/Plugins/Online/OnlineSubsystemSteam/OnlineSubsystemSteam.uplugin
LogPluginManager: Loaded Plugin OnlineSubsystemUtils, From C:/Program Files (x86)/Epic Games/4.14/Engine/Plugins/Online/OnlineSubsystemUtils/OnlineSubsystemUtils.uplugin
LogPluginManager: Loaded Plugin IOSTapJoy, From C:/Program Files (x86)/Epic Games/4.14/Engine/Plugins/Runtime/Advertising/IOSTapJoy/IOSTapJoy.uplugin
LogPluginManager: Loaded Plugin AnalyticsBlueprintLibrary, From C:/Program Files (x86)/Epic Games/4.14/Engine/Plugins/Runtime/Analytics/AnalyticsBlueprintLibrary/AnalyticsBlueprintLibrary.uplugin
LogPluginManager: Loaded Plugin AnalyticsMulticast, From C:/Program Files (x86)/Epic Games/4.14/Engine/Plugins/Runtime/Analytics/AnalyticsMulticast/AnalyticsMulticast.uplugin
LogPluginManager: Loaded Plugin Apsalar, From C:/Program Files (x86)/Epic Games/4.14/Engine/Plugins/Runtime/Analytics/Apsalar/Apsalar.uplugin
LogPluginManager: Loaded Plugin FileLogging, From C:/Program Files (x86)/Epic Games/4.14/Engine/Plugins/Runtime/Analytics/FileLogging/FileLogging.uplugin
LogPluginManager: Loaded Plugin Flurry, From C:/Program Files (x86)/Epic Games/4.14/Engine/Plugins/Runtime/Analytics/Flurry/Flurry.uplugin
LogPluginManager: Loaded Plugin AndroidDeviceProfileSelector, From C:/Program Files (x86)/Epic Games/4.14/Engine/Plugins/Runtime/AndroidDeviceProfileSelector/AndroidDeviceProfileSelector.uplugin
LogPluginManager: Loaded Plugin AndroidMoviePlayer, From C:/Program Files (x86)/Epic Games/4.14/Engine/Plugins/Runtime/AndroidMoviePlayer/AndroidMoviePlayer.uplugin
LogPluginManager: Loaded Plugin AppleMoviePlayer, From C:/Program Files (x86)/Epic Games/4.14/Engine/Plugins/Runtime/AppleMoviePlayer/AppleMoviePlayer.uplugin
LogPluginManager: Loaded Plugin ArchVisCharacter, From C:/Program Files (x86)/Epic Games/4.14/Engine/Plugins/Runtime/ArchVisCharacter/ArchVisCharacter.uplugin
LogPluginManager: Loaded Plugin CableComponent, From C:/Program Files (x86)/Epic Games/4.14/Engine/Plugins/Runtime/CableComponent/CableComponent.uplugin
LogPluginManager: Loaded Plugin CustomMeshComponent, From C:/Program Files (x86)/Epic Games/4.14/Engine/Plugins/Runtime/CustomMeshComponent/CustomMeshComponent.uplugin
LogPluginManager: Loaded Plugin ExampleDeviceProfileSelector, From C:/Program Files (x86)/Epic Games/4.14/Engine/Plugins/Runtime/ExampleDeviceProfileSelector/ExampleDeviceProfileSelector.uplugin
LogPluginManager: Loaded Plugin GearVR, From C:/Program Files (x86)/Epic Games/4.14/Engine/Plugins/Runtime/GearVR/GearVR.uplugin
LogPluginManager: Loaded Plugin GoogleVRController, From C:/Program Files (x86)/Epic Games/4.14/Engine/Plugins/Runtime/GoogleVR/GoogleVRController/GoogleVRController.uplugin
LogPluginManager: Loaded Plugin GoogleVRHMD, From C:/Program Files (x86)/Epic Games/4.14/Engine/Plugins/Runtime/GoogleVR/GoogleVRHMD/GoogleVRHMD.uplugin
LogPluginManager: Loaded Plugin IOSDeviceProfileSelector, From C:/Program Files (x86)/Epic Games/4.14/Engine/Plugins/Runtime/IOSDeviceProfileSelector/IOSDeviceProfileSelector.uplugin
LogPluginManager: Loaded Plugin LeapMotion, From C:/Program Files (x86)/Epic Games/4.14/Engine/Plugins/Runtime/LeapMotion/LeapMotion.uplugin
LogPluginManager: Loaded Plugin LinuxDeviceProfileSelector, From C:/Program Files (x86)/Epic Games/4.14/Engine/Plugins/Runtime/LinuxDeviceProfileSelector/LinuxDeviceProfileSelector.uplugin
LogPluginManager: Loaded Plugin MIDIDevice, From C:/Program Files (x86)/Epic Games/4.14/Engine/Plugins/Runtime/MIDIDevice/MIDIDevice.uplugin
LogPluginManager: Loaded Plugin MobilePatchingUtils, From C:/Program Files (x86)/Epic Games/4.14/Engine/Plugins/Runtime/MobilePatchingUtils/MobilePatchingUtils.uplugin
LogPluginManager: Loaded Plugin Ansel, From C:/Program Files (x86)/Epic Games/4.14/Engine/Plugins/Runtime/Nvidia/Ansel/Ansel.uplugin
LogPluginManager: Loaded Plugin OculusAudio, From C:/Program Files (x86)/Epic Games/4.14/Engine/Plugins/Runtime/OculusAudio/OculusAudio.uplugin
LogPluginManager: Loaded Plugin OculusInput, From C:/Program Files (x86)/Epic Games/4.14/Engine/Plugins/Runtime/OculusInput/OculusInput.uplugin
LogPluginManager: Loaded Plugin OculusLibrary, From C:/Program Files (x86)/Epic Games/4.14/Engine/Plugins/Runtime/OculusLibrary/OculusLibrary.uplugin
LogPluginManager: Loaded Plugin OculusRift, From C:/Program Files (x86)/Epic Games/4.14/Engine/Plugins/Runtime/OculusRift/OculusRift.uplugin
LogPluginManager: Loaded Plugin Oodle, From C:/Program Files (x86)/Epic Games/4.14/Engine/Plugins/Runtime/PacketHandlers/CompressionComponents/Oodle/Oodle.uplugin
LogPluginManager: Loaded Plugin ProceduralMeshComponent, From C:/Program Files (x86)/Epic Games/4.14/Engine/Plugins/Runtime/ProceduralMeshComponent/ProceduralMeshComponent.uplugin
LogPluginManager: Loaded Plugin SoundMod, From C:/Program Files (x86)/Epic Games/4.14/Engine/Plugins/Runtime/SoundMod/SoundMod.uplugin
LogPluginManager: Loaded Plugin SoundVisualizations, From C:/Program Files (x86)/Epic Games/4.14/Engine/Plugins/Runtime/SoundVisualizations/SoundVisualizations.uplugin
LogPluginManager: Loaded Plugin SteamController, From C:/Program Files (x86)/Epic Games/4.14/Engine/Plugins/Runtime/Steam/SteamController/SteamController.uplugin
LogPluginManager: Loaded Plugin SteamVR, From C:/Program Files (x86)/Epic Games/4.14/Engine/Plugins/Runtime/Steam/SteamVR/SteamVR.uplugin
LogPluginManager: Loaded Plugin WebBrowserWidget, From C:/Program Files (x86)/Epic Games/4.14/Engine/Plugins/Runtime/WebBrowserWidget/WebBrowserWidget.uplugin
LogPluginManager: Loaded Plugin WindowsDeviceProfileSelector, From C:/Program Files (x86)/Epic Games/4.14/Engine/Plugins/Runtime/WindowsDeviceProfileSelector/WindowsDeviceProfileSelector.uplugin
LogPluginManager: Loaded Plugin WindowsMoviePlayer, From C:/Program Files (x86)/Epic Games/4.14/Engine/Plugins/Runtime/WindowsMoviePlayer/WindowsMoviePlayer.uplugin
LogPluginManager: Loaded Plugin ScriptPlugin, From C:/Program Files (x86)/Epic Games/4.14/Engine/Plugins/ScriptPlugin/ScriptPlugin.uplugin
LogPluginManager: Loaded Plugin SlateRemote, From C:/Program Files (x86)/Epic Games/4.14/Engine/Plugins/Slate/SlateRemote/SlateRemote.uplugin
LogPluginManager: Loaded Plugin EditorTests, From C:/Program Files (x86)/Epic Games/4.14/Engine/Plugins/Tests/EditorTests/EditorTests.uplugin
LogPluginManager: Loaded Plugin FbxAutomationTestBuilder, From C:/Program Files (x86)/Epic Games/4.14/Engine/Plugins/Tests/FbxAutomationTestBuilder/FbxAutomationTestBuilder.uplugin
LogPluginManager: Loaded Plugin FunctionalTestingEditor, From C:/Program Files (x86)/Epic Games/4.14/Engine/Plugins/Tests/FunctionalTestingEditor/FunctionalTestingEditor.uplugin
LogPluginManager: Loaded Plugin RuntimeTests, From C:/Program Files (x86)/Epic Games/4.14/Engine/Plugins/Tests/RuntimeTests/RuntimeTests.uplugin
LogPluginManager: Loaded Plugin ScreenshotTools, From C:/Program Files (x86)/Epic Games/4.14/Engine/Plugins/Tests/ScreenshotTools/ScreenshotTools.uplugin
LogInit: Using libcurl 7.47.1
LogInit:  - built for x86_64-pc-win32
LogInit:  - supports SSL with OpenSSL/1.0.2g
LogInit:  - supports HTTP deflate (compression) using libz 1.2.8
LogInit:  - other features:
LogInit:      CURL_VERSION_SSL
LogInit:      CURL_VERSION_LIBZ
LogInit:      CURL_VERSION_IPV6
LogInit:      CURL_VERSION_ASYNCHDNS
LogInit:      CURL_VERSION_LARGEFILE
LogInit:      CURL_VERSION_IDN
LogInit:  CurlRequestOptions (configurable via config and command line):
LogInit:  - bVerifyPeer = false  - Libcurl will NOT verify peer certificate
LogInit:  - bUseHttpProxy = false  - Libcurl will NOT use HTTP proxy
LogInit:  - bDontReuseConnections = false  - Libcurl will reuse connections
LogInit:  - CertBundlePath = nullptr  - Libcurl will use whatever was configured at build time.
LogInit: Build: ++UE4+Release-4.14-CL-3249277
LogInit: Engine Version: 4.14.3-3249277+++UE4+Release-4.14
LogInit: Compatible Engine Version: 4.14.0-3195953+++UE4+Release-4.14
LogInit: Net CL: 3195953
LogDevObjectVersion: Number of dev versions registered: 13
LogDevObjectVersion:   Dev-Blueprints (B0D832E4-1F89-4F0D-ACCF-7EB736FD4AA2): 7
LogDevObjectVersion:   Dev-Build (E1C64328-A22C-4D53-A36C-8E866417BD8C): 0
LogDevObjectVersion:   Dev-Core (375EC13C-06E4-48FB-B500-84F0262A717E): 1
LogDevObjectVersion:   Dev-Editor (E4B068ED-F494-42E9-A231-DA0B2E46BB41): 8
LogDevObjectVersion:   Dev-Framework (CFFC743F-43B0-4480-9391-14DF171D2073): 17
LogDevObjectVersion:   Dev-Mobile (B02B49B5-BB20-44E9-A304-32B752E40360): 0
LogDevObjectVersion:   Dev-Networking (A4E4105C-59A1-49B5-A7C5-40C4547EDFEE): 0
LogDevObjectVersion:   Dev-Online (39C831C9-5AE6-47DC-9A44-9C173E1C8E7C): 0
LogDevObjectVersion:   Dev-Physics (78F01B33-EBEA-4F98-B9B4-84EACCB95AA2): 0
LogDevObjectVersion:   Dev-Platform (6631380F-2D4D-43E0-8009-CF276956A95A): 0
LogDevObjectVersion:   Dev-Rendering (12F88B9F-8875-4AFC-A67C-D90C383ABD29): 12
LogDevObjectVersion:   Dev-Sequencer (7B5AE74C-D270-4C10-A958-57980B212A5A): 1
LogDevObjectVersion:   Dev-VR (D7296918-1DD6-4BDD-9DE2-64A83CC13884): 0
LogInit: Compiled (64-bit): Jan  6 2017 10:49:43
LogInit: Compiled with Visual C++: 19.00.23026.00
LogInit: Build Configuration: Development
LogInit: Branch Name: ++UE4+Release-4.14
LogInit: Command line: -EpicPortal 
LogInit: Base directory: C:/Program Files (x86)/Epic Games/4.14/Engine/Binaries/Win64/
LogInit: Installed Engine Build: 1
LogInit: Presizing for max 8388607 objects, including 0 objects not considered by GC, pre-allocating 0 bytes for permanent pool.
LogInit: Object subsystem initialized
[2017.07.26-14.31.52:035][  0]LogInit: Selected Device Profile: [Windows]
[2017.07.26-14.31.52:035][  0]LogInit: Applying CVar settings loaded from the selected device profile: [Windows]
[2017.07.26-14.31.52:048][  0]LogInit: Computer: IGMOH1380-21
[2017.07.26-14.31.52:048][  0]LogInit: User: IGMAdmin
[2017.07.26-14.31.52:048][  0]LogInit: CPU Page size=65536, Cores=2
[2017.07.26-14.31.52:048][  0]LogInit: High frequency timer resolution =3.328128 MHz
[2017.07.26-14.31.52:048][  0]LogMemory: Memory total: Physical=15.9GB (16GB approx)
[2017.07.26-14.31.52:048][  0]LogMemory: Platform Memory Stats for Windows
[2017.07.26-14.31.52:048][  0]LogMemory: Process Physical Memory: 263.75 MB used, 263.75 MB peak
[2017.07.26-14.31.52:048][  0]LogMemory: Process Virtual Memory: 262.45 MB used, 262.45 MB peak
[2017.07.26-14.31.52:048][  0]LogMemory: Physical Memory: 3891.82 MB used,  12433.99 MB free, 16325.81 MB total
[2017.07.26-14.31.52:048][  0]LogMemory: Virtual Memory: 674.54 MB used,  12433.99 MB free, 134217728.00 MB total
[2017.07.26-14.31.52:072][  0]LogTextLocalizationManager: No specific translations for ('en-US') exist, so ('en') translations will be used.
[2017.07.26-14.31.52:599][  0]LogD3D11RHI: D3D11 adapters:
[2017.07.26-14.31.52:632][  0]LogD3D11RHI:    0. 'NVIDIA GeForce GTX 1070' (Feature Level 11_0)
[2017.07.26-14.31.52:632][  0]LogD3D11RHI:       8145/0/8162 MB DedicatedVideo/DedicatedSystem/SharedSystem, Outputs:2, VendorId:0x10de
[2017.07.26-14.31.52:633][  0]LogD3D11RHI:    1. 'Microsoft Basic Render Driver' (Feature Level 11_0)
[2017.07.26-14.31.52:633][  0]LogD3D11RHI:       0/0/8162 MB DedicatedVideo/DedicatedSystem/SharedSystem, Outputs:0, VendorId:0x1414
[2017.07.26-14.31.52:633][  0]LogD3D11RHI: Chosen D3D11 Adapter: 0
[2017.07.26-14.31.52:636][  0]LogD3D11RHI: Creating new Direct3DDevice
[2017.07.26-14.31.52:636][  0]LogD3D11RHI:     GPU DeviceId: 0x1b81 (for the marketing name, search the web for "GPU Device Id")
[2017.07.26-14.31.52:636][  0]LogWindows: EnumDisplayDevices:
[2017.07.26-14.31.52:636][  0]LogWindows:    0. 'NVIDIA GeForce GTX 1070' (P:1 D:1)
[2017.07.26-14.31.52:636][  0]LogWindows:    1. 'NVIDIA GeForce GTX 1070' (P:0 D:1)
[2017.07.26-14.31.52:637][  0]LogWindows:    2. 'NVIDIA GeForce GTX 1070' (P:0 D:0)
[2017.07.26-14.31.52:637][  0]LogWindows:    3. 'NVIDIA GeForce GTX 1070' (P:0 D:0)
[2017.07.26-14.31.52:637][  0]LogWindows: DebugString: FoundDriverCount:4 
[2017.07.26-14.31.52:637][  0]LogD3D11RHI:     Adapter Name: NVIDIA GeForce GTX 1070
[2017.07.26-14.31.52:637][  0]LogD3D11RHI:   Driver Version: 376.33 (internal:21.21.13.7633, unified:376.33)
[2017.07.26-14.31.52:637][  0]LogD3D11RHI:      Driver Date: 12-11-2016
[2017.07.26-14.31.52:637][  0]LogRHI: Texture pool is 1361 MB (70% of 1945 MB)
[2017.07.26-14.31.52:650][  0]LogD3D11RHI: Async texture creation enabled
[2017.07.26-14.31.52:661][  0]LogD3D11RHI: GPU Timing Frequency: 1000.000000 (Debug: 2 1)
[2017.07.26-14.31.52:661][  0]LogShaderCompilers: Guid format shader working directory is 31 characters bigger than the processId version (D:/KOC 24/FPS_Game/Intermediate/Shaders/WorkingDirectory/8876/).
[2017.07.26-14.31.52:662][  0]LogShaderCompilers: Cleaned the shader compiler working directory 'C:/Users/IGMAdmin/AppData/Local/Temp/UnrealShaderWorkingDir/60DED35745642697C92E8A82169C3655/'.
[2017.07.26-14.31.52:662][  0]LogShaderCompilers:Display: Using Local Shader Compiler.
[2017.07.26-14.31.53:559][  0]LogTemp:Display: Loaded TP AllDesktopTargetPlatform
[2017.07.26-14.31.53:617][  0]LogTemp:Display: Loaded TP MacClientTargetPlatform
[2017.07.26-14.31.53:677][  0]LogTemp:Display: Loaded TP MacNoEditorTargetPlatform
[2017.07.26-14.31.53:735][  0]LogTemp:Display: Loaded TP MacServerTargetPlatform
[2017.07.26-14.31.53:783][  0]LogTemp:Display: Loaded TP MacTargetPlatform
[2017.07.26-14.31.53:830][  0]LogTemp:Display: Loaded TP WindowsClientTargetPlatform
[2017.07.26-14.31.53:877][  0]LogTemp:Display: Loaded TP WindowsNoEditorTargetPlatform
[2017.07.26-14.31.53:924][  0]LogTemp:Display: Loaded TP WindowsServerTargetPlatform
[2017.07.26-14.31.53:962][  0]LogTemp:Display: Loaded TP WindowsTargetPlatform
[2017.07.26-14.31.54:008][  0]LogTemp:Display: Loaded TP AndroidTargetPlatform
[2017.07.26-14.31.54:054][  0]LogTemp:Display: Loaded TP Android_ASTCTargetPlatform
[2017.07.26-14.31.54:100][  0]LogTemp:Display: Loaded TP Android_ATCTargetPlatform
[2017.07.26-14.31.54:147][  0]LogTemp:Display: Loaded TP Android_DXTTargetPlatform
[2017.07.26-14.31.54:193][  0]LogTemp:Display: Loaded TP Android_ETC1TargetPlatform
[2017.07.26-14.31.54:238][  0]LogTemp:Display: Loaded TP Android_ETC2TargetPlatform
[2017.07.26-14.31.54:329][  0]LogTemp:Display: Loaded TP Android_MultiTargetPlatform
[2017.07.26-14.31.54:329][  0]LogTemp:Display: Loaded TP Android_PVRTCTargetPlatform
[2017.07.26-14.31.54:362][  0]LogTemp:Display: Loaded TP HTML5TargetPlatform
[2017.07.26-14.31.54:435][  0]LogTemp:Display: Loaded TP IOSTargetPlatform
[2017.07.26-14.31.54:464][  0]LogTemp:Display: Loaded TP TVOSTargetPlatform
[2017.07.26-14.31.54:511][  0]LogTemp:Display: Loaded TP LinuxClientTargetPlatform
[2017.07.26-14.31.54:557][  0]LogTemp:Display: Loaded TP LinuxNoEditorTargetPlatform
[2017.07.26-14.31.54:603][  0]LogTemp:Display: Loaded TP LinuxServerTargetPlatform
[2017.07.26-14.31.54:649][  0]LogTemp:Display: Loaded TP LinuxTargetPlatform
[2017.07.26-14.31.54:649][  0]LogTargetPlatformManager:Display: Building Assets For Windows
[2017.07.26-14.31.54:975][  0]LogDerivedDataCache:Display: Max Cache Size: 512 MB
[2017.07.26-14.31.55:018][  0]LogDerivedDataCache: Loaded boot cache 0.04s 50MB C:/Users/IGMAdmin/AppData/Local/UnrealEngine/4.14/DerivedDataCache/Boot.ddc.
[2017.07.26-14.31.55:018][  0]LogDerivedDataCache:Display: Loaded Boot cache: C:/Users/IGMAdmin/AppData/Local/UnrealEngine/4.14/DerivedDataCache/Boot.ddc
[2017.07.26-14.31.55:018][  0]LogDerivedDataCache: FDerivedDataBackendGraph:  Pak pak cache file D:/KOC 24/FPS_Game/DerivedDataCache/DDC.ddp not found, will not use a pak cache.
[2017.07.26-14.31.55:018][  0]LogDerivedDataCache: Unable to find inner node Pak for hierarchical cache Hierarchy.
[2017.07.26-14.31.55:018][  0]LogDerivedDataCache: FDerivedDataBackendGraph:  CompressedPak pak cache file D:/KOC 24/FPS_Game/DerivedDataCache/Compressed.ddp not found, will not use a pak cache.
[2017.07.26-14.31.55:018][  0]LogDerivedDataCache: Unable to find inner node CompressedPak for hierarchical cache Hierarchy.
[2017.07.26-14.31.55:033][  0]LogDerivedDataCache:Display: Pak cache opened for reading ../../../Engine/DerivedDataCache/Compressed.ddp.
[2017.07.26-14.31.55:045][  0]LogDerivedDataCache: Using Local data cache path C:/Users/IGMAdmin/AppData/Local/UnrealEngine/Common/DerivedDataCache: Writable
[2017.07.26-14.31.55:215][  0]LogInit: Selected Device Profile: [Windows]
[2017.07.26-14.31.55:218][  0]LogContentStreaming: Texture pool size is 0.00 MB
[2017.07.26-14.31.55:390][  0]LogMeshUtilities: Using QuadricMeshReduction for automatic static mesh reduction
[2017.07.26-14.31.55:427][  0]LogSimplygon: Simplygon DLL not present - disabling.
[2017.07.26-14.31.55:466][  0]LogMeshUtilities: Using SimplygonSwarm for distributed automatic mesh merging
[2017.07.26-14.31.55:466][  0]LogMeshUtilities: No automatic skeletal mesh reduction module available
[2017.07.26-14.31.55:466][  0]LogMeshUtilities: No automatic mesh merging module available
[2017.07.26-14.31.55:886][  0]LogNetVersion: GetLocalNetworkVersion: CL: 3195953, ProjectName: fps_game, ProjectVersion: , EngineNetworkVersion: 2, GameNetworkVersion: 0, NetworkChecksum: 2689184988
[2017.07.26-14.31.55:938][  0]LogAssetRegistry: FAssetRegistry took 0.0218 seconds to start up
[2017.07.26-14.31.55:987][  0]LogPackageLocalizationCache: Processed 3 localized package path(s) for 2 prioritized culture(s) in 0.027808 seconds
[2017.07.26-14.31.55:994][  0]LogUObjectArray: 31946 objects as part of root set at end of initial load.
[2017.07.26-14.31.55:994][  0]LogUObjectAllocator: 6935848 out of 0 bytes used by permanent object pool.
[2017.07.26-14.31.55:994][  0]LogUObjectArray: CloseDisregardForGC: 0/0 objects in disregard for GC pool
[2017.07.26-14.31.56:047][  0]LogInit: WinSock: version 1.1 (2.2), MaxSocks=32767, MaxUdp=65467
[2017.07.26-14.31.56:665][  0]LogSlate: Using Freetype 2.6.0
[2017.07.26-14.31.56:665][  0]LogSlate: SlateFontCache - WITH_FREETYPE: 1, WITH_HARFBUZZ: 1
[2017.07.26-14.31.56:665][  0]LogSlate: SlateFontCache - WITH_FREETYPE: 1, WITH_HARFBUZZ: 1
[2017.07.26-14.31.57:323][  0]LogTcpMessaging: Initializing TcpMessaging bridge
[2017.07.26-14.31.57:357][  0]LogUdpMessaging: Initializing bridge on interface 0.0.0.0:0 to multicast group 230.0.0.1:6666.
[2017.07.26-14.31.57:623][  0]LogMaterial: Uniform references updated for custom material expression Custom.
[2017.07.26-14.31.57:942][  0]SourceControl: Info Source control is disabled
[2017.07.26-14.31.57:976][  0]SourceControl: Info Source control is disabled
[2017.07.26-14.31.58:014][  0]SourceControl: Info Source control is disabled
[2017.07.26-14.31.58:053][  0]SourceControl: Info Source control is disabled
[2017.07.26-14.31.59:131][  0]LogEngine: Initializing Engine...
[2017.07.26-14.31.59:131][  0]LogHMD: Failed to initialize OpenVR with code 110
[2017.07.26-14.31.59:334][  0]LogAIModule: Creating AISystem for world Untitled
[2017.07.26-14.31.59:348][  0]LogInit: XAudio2 using 'Alienware2210-C (NVIDIA High Definition Audio)' : 2 channels at 48 kHz using 16 bits per sample (channel mask 0x3)
[2017.07.26-14.31.59:363][  0]LogInit: FAudioDevice initialized.
[2017.07.26-14.31.59:383][  0]LogDerivedDataCache: Saved boot cache 0.02s 50MB C:/Users/IGMAdmin/AppData/Local/UnrealEngine/4.14/DerivedDataCache/Boot.ddc.
[2017.07.26-14.31.59:390][  0]LogInit: Texture streaming: Enabled
[2017.07.26-14.31.59:542][  0]LogInit: Transaction tracking system initialized
[2017.07.26-14.31.59:840][  0]BlueprintLog: New page: Editor Load
[2017.07.26-14.32.00:591][  0]LocalizationService: Info Localization service is disabled
[2017.07.26-14.32.01:145][  0]LogConsoleResponse:Display: 
[2017.07.26-14.32.01:272][  0]LogCook:Display: Max memory allowance for cook 16384mb min free memory 0mb
[2017.07.26-14.32.01:272][  0]LogCook:Display: Mobile HDR setting 1
[2017.07.26-14.32.01:491][  0]LogFileCache: Scanning file cache for directory 'D:/KOC 24/FPS_Game/Content/' took 0.02s
[2017.07.26-14.32.02:066][  0]SourceControl: Info Source control is disabled
[2017.07.26-14.32.02:116][  0]LogWindowsTextInputMethodSystem:Display: IME system now deactivated.
[2017.07.26-14.32.15:096][  0]LogWindowsTextInputMethodSystem:Display: IME system now deactivated.
[2017.07.26-14.32.15:098][  0]LogWindowsTextInputMethodSystem:Display: IME system now deactivated.
[2017.07.26-14.32.18:630][  0]LogWindowsTextInputMethodSystem:Display: IME system now deactivated.
[2017.07.26-14.32.18:632][  0]LogWindowsTextInputMethodSystem:Display: IME system now deactivated.
[2017.07.26-14.32.18:655][  0]Cmd: MAP LOAD FILE="D:/KOC 24/FPS_Game/Content/FirstPersonBP/Maps/FirstPersonExampleMap.umap" TEMPLATE=0 SHOWPROGRESS=1 FEATURELEVEL=3
[2017.07.26-14.32.18:655][  0]LightingResults: New page: Lighting Build
[2017.07.26-14.32.18:694][  0]MapCheck: New page: Map Check
[2017.07.26-14.32.18:694][  0]LightingResults: New page: Lighting Build
[2017.07.26-14.32.19:577][  0]LogAIModule: Creating AISystem for world FirstPersonExampleMap
[2017.07.26-14.32.19:582][  0]PIE:Warning: Warning Invalid Simulate Options: Body (EditorCube21_15.StaticMeshComponent0 1M_Cube) is set to simulate physics but Collision Enabled is incompatible
[2017.07.26-14.32.19:582][  0]PIE:Warning: Warning Invalid Simulate Options: Body (EditorCube21_15.StaticMeshComponent0 1M_Cube) is set to simulate physics but Collision Enabled is incompatible
[2017.07.26-14.32.19:589][  0]LogEditorServer: Finished looking for orphan Actors (0.000 secs)
[2017.07.26-14.32.19:589][  0]Cmd: MAP CHECKDEP NOCLEARLOG
[2017.07.26-14.32.19:634][  0]MapCheck: Info Map check complete: 0 Error(s), 0 Warning(s), took 44.79ms to complete.
[2017.07.26-14.32.19:634][  0]LogFileHelpers: Loading map 'FirstPersonExampleMap' took 0.980
[2017.07.26-14.32.19:720][  0]LogStats:Warning: MetaData mismatch. Did you assign a stat to two groups? New //STATGROUP_Threads//SplashScreenThread///Thread_7fc_0///####STATCAT_Advanced#### old //STATGROUP_Threads//SplashScreenThread///Thread_1f5c_0///####STATCAT_Advanced####
[2017.07.26-14.32.19:720][  0]LogCollectionManager: Loaded 0 collections in 0.001273 seconds
[2017.07.26-14.32.19:794][  0]LogFileCache: Scanning file cache for directory 'D:/KOC 24/FPS_Game/Saved/Collections/' took 0.01s
[2017.07.26-14.32.19:794][  0]LogFileCache: Scanning file cache for directory 'D:/KOC 24/FPS_Game/Content/Developers/IGMAdmin/Collections/' took 0.01s
[2017.07.26-14.32.19:794][  0]LogFileCache: Scanning file cache for directory 'D:/KOC 24/FPS_Game/Content/Collections/' took 0.01s
[2017.07.26-14.32.19:794][  0]LogCollectionManager: Rebuilt the GUID cache for 0 collections in 0.000002 seconds
[2017.07.26-14.32.19:801][  0]LogContentBrowser: Native class hierarchy populated in 0.0076 seconds. Added 2190 classes and 428 folders.
[2017.07.26-14.32.19:837][  0]LogStats: UGameplayTagsManager::ConstructGameplayTagTree: Construct from data asset -  0.000 s
[2017.07.26-14.32.19:837][  0]LogStats: UGameplayTagsManager::ConstructGameplayTagTree: GameplayTagTreeChangedEvent.Broadcast -  0.000 s
[2017.07.26-14.32.19:838][  0]LogContentBrowser: Native class hierarchy updated for 'GameplayTags' in 0.0004 seconds. Added 13 classes and 0 folders.
[2017.07.26-14.32.19:891][  0]LogContentBrowser: Native class hierarchy updated for 'WidgetCarousel' in 0.0004 seconds. Added 0 classes and 0 folders.
[2017.07.26-14.32.20:172][  0]LogContentBrowser: Native class hierarchy updated for 'AddContentDialog' in 0.0004 seconds. Added 0 classes and 0 folders.
[2017.07.26-14.32.20:210][  0]LogContentBrowser: Native class hierarchy updated for 'SceneOutliner' in 0.0004 seconds. Added 1 classes and 2 folders.
[2017.07.26-14.32.20:243][  0]LogCrashTracker: Crashtracker disabled due to settings.
[2017.07.26-14.32.20:248][  0]LogUObjectGlobals:Warning: Failed to find object 'Class None.'
[2017.07.26-14.32.20:307][  0]LogContentBrowser: Native class hierarchy updated for 'HierarchicalLODOutliner' in 0.0004 seconds. Added 1 classes and 2 folders.
[2017.07.26-14.32.20:307][  0]LogLoad: (Engine Initialization) Total time: 29.52 seconds
[2017.07.26-14.32.20:307][  0]LogLoad: (Engine Initialization) Total Blueprint compile time: 0.19 seconds
[2017.07.26-14.32.20:307][  0]LogExternalProfiler: Found external profiler: VSPerf
[2017.07.26-14.32.20:307][  0]LogExternalProfiler: Using external profiler: VSPerf
[2017.07.26-14.32.20:316][  0]LogOcInput: OculusInput pre-init called
[2017.07.26-14.32.20:334][  0]LogContentStreaming: Texture pool size now 1000 MB
[2017.07.26-14.32.20:503][  0]LogRenderer: Reallocating scene render targets to support 1208x576 NumSamples 1 (Frame:2).
[2017.07.26-14.32.20:624][  2]LogAssetRegistry: Asset discovery search completed in 24.7078 seconds
[2017.07.26-14.32.20:624][  2]LogCollectionManager: Rebuilt the object cache for 0 collections in 0.000001 seconds (found 0 objects)
[2017.07.26-14.32.20:624][  2]LogCollectionManager: Fixed up redirectors for 0 collections in 0.000014 seconds (updated 0 objects)
[2017.07.26-14.32.26:939][698]LogContentBrowser: Native class hierarchy updated for 'BlueprintGraph' in 0.0007 seconds. Added 111 classes and 0 folders.
[2017.07.26-14.32.40:921][136]LogRenderer: Reallocating scene render targets to support 1208x900 NumSamples 1 (Frame:1223).
[2017.07.26-14.32.45:124][639]LogTemp: Repeting last play command: Selected Viewport
[2017.07.26-14.32.45:139][639]LogBlueprintUserMessages: Early PlayInEditor Detection: Level '/Game/FirstPersonBP/Maps/FirstPersonExampleMap.FirstPersonExampleMap:PersistentLevel' has LevelScriptBlueprint '/Game/FirstPersonBP/Maps/FirstPersonExampleMap.FirstPersonExampleMap:PersistentLevel.FirstPersonExampleMap' with GeneratedClass '/Game/FirstPersonBP/Maps/FirstPersonExampleMap.FirstPersonExampleMap_C' with ClassGeneratedBy '/Game/FirstPersonBP/Maps/FirstPersonExampleMap.FirstPersonExampleMap:PersistentLevel.FirstPersonExampleMap'
[2017.07.26-14.32.45:139][639]LogPlayLevel: PlayLevel: No blueprints needed recompiling
[2017.07.26-14.32.45:140][639]PIE: New page: PIE session: FirstPersonExampleMap (Jul 26, 2017, 6:32:45 AM)
[2017.07.26-14.32.45:140][639]LogPlayLevel: Creating play world package: /Game/FirstPersonBP/Maps/UEDPIE_0_FirstPersonExampleMap
[2017.07.26-14.32.45:166][639]LogPlayLevel: PIE: StaticDuplicateObject took: (0.026650s)
[2017.07.26-14.32.45:167][639]LogAIModule: Creating AISystem for world FirstPersonExampleMap
[2017.07.26-14.32.45:168][639]LogPlayLevel: PIE: World Init took: (0.001013s)
[2017.07.26-14.32.45:168][639]LogPlayLevel: PIE: Created PIE world by copying editor world from /Game/FirstPersonBP/Maps/FirstPersonExampleMap.FirstPersonExampleMap to /Game/FirstPersonBP/Maps/UEDPIE_0_FirstPersonExampleMap.FirstPersonExampleMap (0.028054s)
[2017.07.26-14.32.45:217][639]LogInit: XAudio2 using 'Alienware2210-C (NVIDIA High Definition Audio)' : 2 channels at 48 kHz using 16 bits per sample (channel mask 0x3)
[2017.07.26-14.32.45:221][639]LogInit: FAudioDevice initialized.
[2017.07.26-14.32.45:266][639]LogLoad: Game class is 'FirstPersonGameMode_C'
[2017.07.26-14.32.45:267][639]PIE:Warning: Warning Invalid Simulate Options: Body (EditorCube21_15.StaticMeshComponent0 1M_Cube) is set to simulate physics but Collision Enabled is incompatible
[2017.07.26-14.32.45:267][639]PIE:Warning: Warning Invalid Simulate Options: Body (EditorCube21_15.StaticMeshComponent0 1M_Cube) is set to simulate physics but Collision Enabled is incompatible
[2017.07.26-14.32.45:268][639]LogWorld: Bringing World /Game/FirstPersonBP/Maps/UEDPIE_0_FirstPersonExampleMap.FirstPersonExampleMap up for play (max tick rate 0) at 2017.07.26-10.32.45
[2017.07.26-14.32.45:269][639]LogWorld: Bringing up level for play took: 0.002493
[2017.07.26-14.32.45:304][639]LogContentBrowser: Native class hierarchy updated for 'MovieSceneCapture' in 0.0004 seconds. Added 11 classes and 0 folders.
[2017.07.26-14.32.45:305][639]PIE: Info Play in editor start time for /Game/FirstPersonBP/Maps/UEDPIE_0_FirstPersonExampleMap 0.263
[2017.07.26-14.32.45:306][639]LogBlueprintUserMessages: Late PlayInEditor Detection: Level '/Game/FirstPersonBP/Maps/FirstPersonExampleMap.FirstPersonExampleMap:PersistentLevel' has LevelScriptBlueprint '/Game/FirstPersonBP/Maps/FirstPersonExampleMap.FirstPersonExampleMap:PersistentLevel.FirstPersonExampleMap' with GeneratedClass '/Game/FirstPersonBP/Maps/FirstPersonExampleMap.FirstPersonExampleMap_C' with ClassGeneratedBy '/Game/FirstPersonBP/Maps/FirstPersonExampleMap.FirstPersonExampleMap:PersistentLevel.FirstPersonExampleMap'
[2017.07.26-14.32.51:657][395]LogBlueprintUserMessages: Early EndPlayMap Detection: Level '/Game/FirstPersonBP/Maps/FirstPersonExampleMap.FirstPersonExampleMap:PersistentLevel' has LevelScriptBlueprint '/Game/FirstPersonBP/Maps/FirstPersonExampleMap.FirstPersonExampleMap:PersistentLevel.FirstPersonExampleMap' with GeneratedClass '/Game/FirstPersonBP/Maps/FirstPersonExampleMap.FirstPersonExampleMap_C' with ClassGeneratedBy '/Game/FirstPersonBP/Maps/FirstPersonExampleMap.FirstPersonExampleMap:PersistentLevel.FirstPersonExampleMap'
[2017.07.26-14.32.51:704][395]LogBlueprintUserMessages: Late EndPlayMap Detection: Level '/Game/FirstPersonBP/Maps/FirstPersonExampleMap.FirstPersonExampleMap:PersistentLevel' has LevelScriptBlueprint '/Game/FirstPersonBP/Maps/FirstPersonExampleMap.FirstPersonExampleMap:PersistentLevel.FirstPersonExampleMap' with GeneratedClass '/Game/FirstPersonBP/Maps/FirstPersonExampleMap.FirstPersonExampleMap_C' with ClassGeneratedBy '/Game/FirstPersonBP/Maps/FirstPersonExampleMap.FirstPersonExampleMap:PersistentLevel.FirstPersonExampleMap'
[2017.07.26-14.35.50:888][765]BlueprintLog: New page: Compile BP_FirstPersonProjectile
[2017.07.26-14.35.52:962][996]LogTemp: Repeting last play command: Selected Viewport
[2017.07.26-14.35.52:974][996]LogBlueprintUserMessages: Early PlayInEditor Detection: Level '/Game/FirstPersonBP/Maps/FirstPersonExampleMap.FirstPersonExampleMap:PersistentLevel' has LevelScriptBlueprint '/Game/FirstPersonBP/Maps/FirstPersonExampleMap.FirstPersonExampleMap:PersistentLevel.FirstPersonExampleMap' with GeneratedClass '/Game/FirstPersonBP/Maps/FirstPersonExampleMap.FirstPersonExampleMap_C' with ClassGeneratedBy '/Game/FirstPersonBP/Maps/FirstPersonExampleMap.FirstPersonExampleMap:PersistentLevel.FirstPersonExampleMap'
[2017.07.26-14.35.52:974][996]LogPlayLevel: PlayLevel: No blueprints needed recompiling
[2017.07.26-14.35.52:974][996]PIE: New page: PIE session: FirstPersonExampleMap (Jul 26, 2017, 6:35:52 AM)
[2017.07.26-14.35.52:974][996]LogPlayLevel: Creating play world package: /Game/FirstPersonBP/Maps/UEDPIE_0_FirstPersonExampleMap
[2017.07.26-14.35.52:996][996]LogPlayLevel: PIE: StaticDuplicateObject took: (0.021910s)
[2017.07.26-14.35.52:997][996]LogAIModule: Creating AISystem for world FirstPersonExampleMap
[2017.07.26-14.35.52:997][996]LogPlayLevel: PIE: World Init took: (0.000820s)
[2017.07.26-14.35.52:997][996]LogPlayLevel: PIE: Created PIE world by copying editor world from /Game/FirstPersonBP/Maps/FirstPersonExampleMap.FirstPersonExampleMap to /Game/FirstPersonBP/Maps/UEDPIE_0_FirstPersonExampleMap.FirstPersonExampleMap (0.022972s)
[2017.07.26-14.35.53:035][996]LogInit: XAudio2 using 'Alienware2210-C (NVIDIA High Definition Audio)' : 2 channels at 48 kHz using 16 bits per sample (channel mask 0x3)
[2017.07.26-14.35.53:039][996]LogInit: FAudioDevice initialized.
[2017.07.26-14.35.53:068][996]LogLoad: Game class is 'FirstPersonGameMode_C'
[2017.07.26-14.35.53:070][996]PIE:Warning: Warning Invalid Simulate Options: Body (EditorCube21_15.StaticMeshComponent0 1M_Cube) is set to simulate physics but Collision Enabled is incompatible
[2017.07.26-14.35.53:070][996]PIE:Warning: Warning Invalid Simulate Options: Body (EditorCube21_15.StaticMeshComponent0 1M_Cube) is set to simulate physics but Collision Enabled is incompatible
[2017.07.26-14.35.53:071][996]LogWorld: Bringing World /Game/FirstPersonBP/Maps/UEDPIE_0_FirstPersonExampleMap.FirstPersonExampleMap up for play (max tick rate 0) at 2017.07.26-10.35.53
[2017.07.26-14.35.53:071][996]LogWorld: Bringing up level for play took: 0.002310
[2017.07.26-14.35.53:073][996]PIE: Info Play in editor start time for /Game/FirstPersonBP/Maps/UEDPIE_0_FirstPersonExampleMap 0.034
[2017.07.26-14.35.53:073][996]LogBlueprintUserMessages: Late PlayInEditor Detection: Level '/Game/FirstPersonBP/Maps/FirstPersonExampleMap.FirstPersonExampleMap:PersistentLevel' has LevelScriptBlueprint '/Game/FirstPersonBP/Maps/FirstPersonExampleMap.FirstPersonExampleMap:PersistentLevel.FirstPersonExampleMap' with GeneratedClass '/Game/FirstPersonBP/Maps/FirstPersonExampleMap.FirstPersonExampleMap_C' with ClassGeneratedBy '/Game/FirstPersonBP/Maps/FirstPersonExampleMap.FirstPersonExampleMap:PersistentLevel.FirstPersonExampleMap'
[2017.07.26-14.35.58:217][610]LogBlueprintUserMessages: Early EndPlayMap Detection: Level '/Game/FirstPersonBP/Maps/FirstPersonExampleMap.FirstPersonExampleMap:PersistentLevel' has LevelScriptBlueprint '/Game/FirstPersonBP/Maps/FirstPersonExampleMap.FirstPersonExampleMap:PersistentLevel.FirstPersonExampleMap' with GeneratedClass '/Game/FirstPersonBP/Maps/FirstPersonExampleMap.FirstPersonExampleMap_C' with ClassGeneratedBy '/Game/FirstPersonBP/Maps/FirstPersonExampleMap.FirstPersonExampleMap:PersistentLevel.FirstPersonExampleMap'
[2017.07.26-14.35.58:253][610]LogBlueprintUserMessages: Late EndPlayMap Detection: Level '/Game/FirstPersonBP/Maps/FirstPersonExampleMap.FirstPersonExampleMap:PersistentLevel' has LevelScriptBlueprint '/Game/FirstPersonBP/Maps/FirstPersonExampleMap.FirstPersonExampleMap:PersistentLevel.FirstPersonExampleMap' with GeneratedClass '/Game/FirstPersonBP/Maps/FirstPersonExampleMap.FirstPersonExampleMap_C' with ClassGeneratedBy '/Game/FirstPersonBP/Maps/FirstPersonExampleMap.FirstPersonExampleMap:PersistentLevel.FirstPersonExampleMap'
[2017.07.26-14.36.18:806][ 53]Cmd: OBJ SAVEPACKAGE PACKAGE="/Game/FirstPersonBP/Maps/FirstPersonExampleMap" FILE="D:/KOC 24/FPS_Game/Content/FirstPersonBP/Maps/FirstPersonExampleMap.umap" SILENT=true AUTOSAVING=false KEEPDIRTY=false
[2017.07.26-14.36.18:973][ 53]LogSavePackage: Save=131.50ms
[2017.07.26-14.36.18:973][ 53]LogSavePackage: Moving 'D:/KOC 24/FPS_Game/Saved/FirstPersonExampleMapDFE760674479A8EC1EF6BB83676DE654.tmp' to 'D:/KOC 24/FPS_Game/Content/FirstPersonBP/Maps/FirstPersonExampleMap.umap'
[2017.07.26-14.36.18:975][ 53]LogSavePackage:Display: Finished SavePackage D:/KOC 24/FPS_Game/Content/FirstPersonBP/Maps/FirstPersonExampleMap.umap
[2017.07.26-14.36.18:992][ 53]LogFileHelpers: Saving map 'FirstPersonExampleMap' took 0.235
[2017.07.26-14.36.19:006][ 53]Cmd: OBJ SAVEPACKAGE PACKAGE="/Game/KOC/Blueprints/BP_FirstPersonProjectile" FILE="D:/KOC 24/FPS_Game/Content/KOC/Blueprints/BP_FirstPersonProjectile.uasset" SILENT=true
[2017.07.26-14.36.19:034][ 53]LogSavePackage: Save=22.33ms
[2017.07.26-14.36.19:034][ 53]LogSavePackage: Moving 'D:/KOC 24/FPS_Game/Saved/BP_FirstPersonProjectile3BF498C64D24BEDCE79FAD985B827563.tmp' to 'D:/KOC 24/FPS_Game/Content/KOC/Blueprints/BP_FirstPersonProjectile.uasset'
[2017.07.26-14.36.19:035][ 53]LogSavePackage:Display: Finished SavePackage D:/KOC 24/FPS_Game/Content/KOC/Blueprints/BP_FirstPersonProjectile.uasset
[2017.07.26-14.36.58:648][523]LogTexture:Display: Building textures: T_Rock_Basalt_D (AutoDXT)
[2017.07.26-14.37.04:146][523]LogTexture:Display: Building textures: T_RockMesh_M (DXT1)
[2017.07.26-14.37.06:329][523]LogTexture:Display: Building textures: T_RockMesh_N (BC5)
[2017.07.26-14.37.06:976][523]LogTexture:Display: Building textures: T_Detail_Rocky_N (BC5)
[2017.07.26-14.37.09:818][836]Cmd: TRANSACTION UNDO
[2017.07.26-14.37.09:819][836]LogEditorTransaction: Undo Edit Static Mesh
[2017.07.26-14.37.30:617][269]LogTexture:Display: Building textures: T_Concrete_Poured_D (AutoDXT)
[2017.07.26-14.37.36:268][269]LogTexture:Display: Building textures: T_Concrete_Poured_N (BC5)
[2017.07.26-14.37.45:069][217]BlueprintLog: New page: Compile BP_Cube
[2017.07.26-14.37.45:876][284]Cmd: OBJ SAVEPACKAGE PACKAGE="/Game/KOC/Blueprints/BP_Cube" FILE="D:/KOC 24/FPS_Game/Content/KOC/Blueprints/BP_Cube.uasset" SILENT=true
[2017.07.26-14.37.45:895][284]LogSavePackage: Save=17.66ms
[2017.07.26-14.37.45:895][284]LogSavePackage: Moving 'D:/KOC 24/FPS_Game/Saved/BP_CubeED9CAF6140DDF8803FB47492786137AA.tmp' to 'D:/KOC 24/FPS_Game/Content/KOC/Blueprints/BP_Cube.uasset'
[2017.07.26-14.37.45:896][284]LogSavePackage:Display: Finished SavePackage D:/KOC 24/FPS_Game/Content/KOC/Blueprints/BP_Cube.uasset
[2017.07.26-14.37.53:366][173]LogTemp: Repeting last play command: Selected Viewport
[2017.07.26-14.37.53:379][173]LogBlueprintUserMessages: Early PlayInEditor Detection: Level '/Game/FirstPersonBP/Maps/FirstPersonExampleMap.FirstPersonExampleMap:PersistentLevel' has LevelScriptBlueprint '/Game/FirstPersonBP/Maps/FirstPersonExampleMap.FirstPersonExampleMap:PersistentLevel.FirstPersonExampleMap' with GeneratedClass '/Game/FirstPersonBP/Maps/FirstPersonExampleMap.FirstPersonExampleMap_C' with ClassGeneratedBy '/Game/FirstPersonBP/Maps/FirstPersonExampleMap.FirstPersonExampleMap:PersistentLevel.FirstPersonExampleMap'
[2017.07.26-14.37.53:379][173]LogPlayLevel: PlayLevel: No blueprints needed recompiling
[2017.07.26-14.37.53:379][173]PIE: New page: PIE session: FirstPersonExampleMap (Jul 26, 2017, 6:37:53 AM)
[2017.07.26-14.37.53:379][173]LogPlayLevel: Creating play world package: /Game/FirstPersonBP/Maps/UEDPIE_0_FirstPersonExampleMap
[2017.07.26-14.37.53:400][173]LogPlayLevel: PIE: StaticDuplicateObject took: (0.020969s)
[2017.07.26-14.37.53:401][173]LogAIModule: Creating AISystem for world FirstPersonExampleMap
[2017.07.26-14.37.53:401][173]LogPlayLevel: PIE: World Init took: (0.000866s)
[2017.07.26-14.37.53:401][173]LogPlayLevel: PIE: Created PIE world by copying editor world from /Game/FirstPersonBP/Maps/FirstPersonExampleMap.FirstPersonExampleMap to /Game/FirstPersonBP/Maps/UEDPIE_0_FirstPersonExampleMap.FirstPersonExampleMap (0.022108s)
[2017.07.26-14.37.53:442][173]LogInit: XAudio2 using 'Alienware2210-C (NVIDIA High Definition Audio)' : 2 channels at 48 kHz using 16 bits per sample (channel mask 0x3)
[2017.07.26-14.37.53:446][173]LogInit: FAudioDevice initialized.
[2017.07.26-14.37.53:475][173]LogLoad: Game class is 'FirstPersonGameMode_C'
[2017.07.26-14.37.53:476][173]PIE:Warning: Warning Invalid Simulate Options: Body (EditorCube21_15.StaticMeshComponent0 1M_Cube) is set to simulate physics but Collision Enabled is incompatible
[2017.07.26-14.37.53:476][173]PIE:Warning: Warning Invalid Simulate Options: Body (EditorCube21_15.StaticMeshComponent0 1M_Cube) is set to simulate physics but Collision Enabled is incompatible
[2017.07.26-14.37.53:477][173]LogWorld: Bringing World /Game/FirstPersonBP/Maps/UEDPIE_0_FirstPersonExampleMap.FirstPersonExampleMap up for play (max tick rate 0) at 2017.07.26-10.37.53
[2017.07.26-14.37.53:478][173]LogWorld: Bringing up level for play took: 0.002384
[2017.07.26-14.37.53:480][173]PIE: Info Play in editor start time for /Game/FirstPersonBP/Maps/UEDPIE_0_FirstPersonExampleMap 0.442
[2017.07.26-14.37.53:480][173]LogBlueprintUserMessages: Late PlayInEditor Detection: Level '/Game/FirstPersonBP/Maps/FirstPersonExampleMap.FirstPersonExampleMap:PersistentLevel' has LevelScriptBlueprint '/Game/FirstPersonBP/Maps/FirstPersonExampleMap.FirstPersonExampleMap:PersistentLevel.FirstPersonExampleMap' with GeneratedClass '/Game/FirstPersonBP/Maps/FirstPersonExampleMap.FirstPersonExampleMap_C' with ClassGeneratedBy '/Game/FirstPersonBP/Maps/FirstPersonExampleMap.FirstPersonExampleMap:PersistentLevel.FirstPersonExampleMap'
[2017.07.26-14.37.55:867][457]LogBlueprintUserMessages: Early EndPlayMap Detection: Level '/Game/FirstPersonBP/Maps/FirstPersonExampleMap.FirstPersonExampleMap:PersistentLevel' has LevelScriptBlueprint '/Game/FirstPersonBP/Maps/FirstPersonExampleMap.FirstPersonExampleMap:PersistentLevel.FirstPersonExampleMap' with GeneratedClass '/Game/FirstPersonBP/Maps/FirstPersonExampleMap.FirstPersonExampleMap_C' with ClassGeneratedBy '/Game/FirstPersonBP/Maps/FirstPersonExampleMap.FirstPersonExampleMap:PersistentLevel.FirstPersonExampleMap'
[2017.07.26-14.37.55:905][457]LogBlueprintUserMessages: Late EndPlayMap Detection: Level '/Game/FirstPersonBP/Maps/FirstPersonExampleMap.FirstPersonExampleMap:PersistentLevel' has LevelScriptBlueprint '/Game/FirstPersonBP/Maps/FirstPersonExampleMap.FirstPersonExampleMap:PersistentLevel.FirstPersonExampleMap' with GeneratedClass '/Game/FirstPersonBP/Maps/FirstPersonExampleMap.FirstPersonExampleMap_C' with ClassGeneratedBy '/Game/FirstPersonBP/Maps/FirstPersonExampleMap.FirstPersonExampleMap:PersistentLevel.FirstPersonExampleMap'
[2017.07.26-14.38.01:713][130]BlueprintLog: New page: Compile BP_Cube
[2017.07.26-14.38.02:333][187]Cmd: OBJ SAVEPACKAGE PACKAGE="/Game/KOC/Blueprints/BP_Cube" FILE="D:/KOC 24/FPS_Game/Content/KOC/Blueprints/BP_Cube.uasset" SILENT=true
[2017.07.26-14.38.02:356][187]LogSavePackage: Save=17.00ms
[2017.07.26-14.38.02:356][187]LogSavePackage: Moving 'D:/KOC 24/FPS_Game/Saved/BP_Cube50FD89BE4845CA906117FE88DB2FDAF5.tmp' to 'D:/KOC 24/FPS_Game/Content/KOC/Blueprints/BP_Cube.uasset'
[2017.07.26-14.38.02:357][187]LogSavePackage:Display: Finished SavePackage D:/KOC 24/FPS_Game/Content/KOC/Blueprints/BP_Cube.uasset
[2017.07.26-14.38.04:258][414]LogTemp: Repeting last play command: Selected Viewport
[2017.07.26-14.38.04:270][414]LogBlueprintUserMessages: Early PlayInEditor Detection: Level '/Game/FirstPersonBP/Maps/FirstPersonExampleMap.FirstPersonExampleMap:PersistentLevel' has LevelScriptBlueprint '/Game/FirstPersonBP/Maps/FirstPersonExampleMap.FirstPersonExampleMap:PersistentLevel.FirstPersonExampleMap' with GeneratedClass '/Game/FirstPersonBP/Maps/FirstPersonExampleMap.FirstPersonExampleMap_C' with ClassGeneratedBy '/Game/FirstPersonBP/Maps/FirstPersonExampleMap.FirstPersonExampleMap:PersistentLevel.FirstPersonExampleMap'
[2017.07.26-14.38.04:270][414]LogPlayLevel: PlayLevel: No blueprints needed recompiling
[2017.07.26-14.38.04:270][414]PIE: New page: PIE session: FirstPersonExampleMap (Jul 26, 2017, 6:38:04 AM)
[2017.07.26-14.38.04:270][414]LogPlayLevel: Creating play world package: /Game/FirstPersonBP/Maps/UEDPIE_0_FirstPersonExampleMap
[2017.07.26-14.38.04:292][414]LogPlayLevel: PIE: StaticDuplicateObject took: (0.021877s)
[2017.07.26-14.38.04:293][414]LogAIModule: Creating AISystem for world FirstPersonExampleMap
[2017.07.26-14.38.04:293][414]LogPlayLevel: PIE: World Init took: (0.000594s)
[2017.07.26-14.38.04:293][414]LogPlayLevel: PIE: Created PIE world by copying editor world from /Game/FirstPersonBP/Maps/FirstPersonExampleMap.FirstPersonExampleMap to /Game/FirstPersonBP/Maps/UEDPIE_0_FirstPersonExampleMap.FirstPersonExampleMap (0.022740s)
[2017.07.26-14.38.04:329][414]LogInit: XAudio2 using 'Alienware2210-C (NVIDIA High Definition Audio)' : 2 channels at 48 kHz using 16 bits per sample (channel mask 0x3)
[2017.07.26-14.38.04:333][414]LogInit: FAudioDevice initialized.
[2017.07.26-14.38.04:359][414]LogLoad: Game class is 'FirstPersonGameMode_C'
[2017.07.26-14.38.04:361][414]PIE:Warning: Warning Invalid Simulate Options: Body (EditorCube21_15.StaticMeshComponent0 1M_Cube) is set to simulate physics but Collision Enabled is incompatible
[2017.07.26-14.38.04:361][414]PIE:Warning: Warning Invalid Simulate Options: Body (EditorCube21_15.StaticMeshComponent0 1M_Cube) is set to simulate physics but Collision Enabled is incompatible
[2017.07.26-14.38.04:362][414]LogWorld: Bringing World /Game/FirstPersonBP/Maps/UEDPIE_0_FirstPersonExampleMap.FirstPersonExampleMap up for play (max tick rate 0) at 2017.07.26-10.38.04
[2017.07.26-14.38.04:362][414]LogWorld: Bringing up level for play took: 0.002362
[2017.07.26-14.38.04:364][414]PIE: Info Play in editor start time for /Game/FirstPersonBP/Maps/UEDPIE_0_FirstPersonExampleMap -0.674
[2017.07.26-14.38.04:364][414]LogBlueprintUserMessages: Late PlayInEditor Detection: Level '/Game/FirstPersonBP/Maps/FirstPersonExampleMap.FirstPersonExampleMap:PersistentLevel' has LevelScriptBlueprint '/Game/FirstPersonBP/Maps/FirstPersonExampleMap.FirstPersonExampleMap:PersistentLevel.FirstPersonExampleMap' with GeneratedClass '/Game/FirstPersonBP/Maps/FirstPersonExampleMap.FirstPersonExampleMap_C' with ClassGeneratedBy '/Game/FirstPersonBP/Maps/FirstPersonExampleMap.FirstPersonExampleMap:PersistentLevel.FirstPersonExampleMap'
[2017.07.26-14.38.09:334][  8]LogBlueprintUserMessages: Early EndPlayMap Detection: Level '/Game/FirstPersonBP/Maps/FirstPersonExampleMap.FirstPersonExampleMap:PersistentLevel' has LevelScriptBlueprint '/Game/FirstPersonBP/Maps/FirstPersonExampleMap.FirstPersonExampleMap:PersistentLevel.FirstPersonExampleMap' with GeneratedClass '/Game/FirstPersonBP/Maps/FirstPersonExampleMap.FirstPersonExampleMap_C' with ClassGeneratedBy '/Game/FirstPersonBP/Maps/FirstPersonExampleMap.FirstPersonExampleMap:PersistentLevel.FirstPersonExampleMap'
[2017.07.26-14.38.09:380][  8]LogBlueprintUserMessages: Late EndPlayMap Detection: Level '/Game/FirstPersonBP/Maps/FirstPersonExampleMap.FirstPersonExampleMap:PersistentLevel' has LevelScriptBlueprint '/Game/FirstPersonBP/Maps/FirstPersonExampleMap.FirstPersonExampleMap:PersistentLevel.FirstPersonExampleMap' with GeneratedClass '/Game/FirstPersonBP/Maps/FirstPersonExampleMap.FirstPersonExampleMap_C' with ClassGeneratedBy '/Game/FirstPersonBP/Maps/FirstPersonExampleMap.FirstPersonExampleMap:PersistentLevel.FirstPersonExampleMap'
[2017.07.26-14.40.06:523][825]LogSlate:Warning: Prevented a slow task dialog from being summoned while a context menu was open
[2017.07.26-14.41.18:544][439]BlueprintLog: New page: Compile BP_CubeSpawner
[2017.07.26-14.41.23:177][963]LogTemp: Repeting last play command: Selected Viewport
[2017.07.26-14.41.23:189][963]LogBlueprintUserMessages: Early PlayInEditor Detection: Level '/Game/FirstPersonBP/Maps/FirstPersonExampleMap.FirstPersonExampleMap:PersistentLevel' has LevelScriptBlueprint '/Game/FirstPersonBP/Maps/FirstPersonExampleMap.FirstPersonExampleMap:PersistentLevel.FirstPersonExampleMap' with GeneratedClass '/Game/FirstPersonBP/Maps/FirstPersonExampleMap.FirstPersonExampleMap_C' with ClassGeneratedBy '/Game/FirstPersonBP/Maps/FirstPersonExampleMap.FirstPersonExampleMap:PersistentLevel.FirstPersonExampleMap'
[2017.07.26-14.41.23:189][963]LogPlayLevel: PlayLevel: No blueprints needed recompiling
[2017.07.26-14.41.23:190][963]PIE: New page: PIE session: FirstPersonExampleMap (Jul 26, 2017, 6:41:23 AM)
[2017.07.26-14.41.23:190][963]LogPlayLevel: Creating play world package: /Game/FirstPersonBP/Maps/UEDPIE_0_FirstPersonExampleMap
[2017.07.26-14.41.23:215][963]LogPlayLevel: PIE: StaticDuplicateObject took: (0.024948s)
[2017.07.26-14.41.23:215][963]LogAIModule: Creating AISystem for world FirstPersonExampleMap
[2017.07.26-14.41.23:215][963]LogPlayLevel: PIE: World Init took: (0.000790s)
[2017.07.26-14.41.23:216][963]LogPlayLevel: PIE: Created PIE world by copying editor world from /Game/FirstPersonBP/Maps/FirstPersonExampleMap.FirstPersonExampleMap to /Game/FirstPersonBP/Maps/UEDPIE_0_FirstPersonExampleMap.FirstPersonExampleMap (0.025991s)
[2017.07.26-14.41.23:255][963]LogInit: XAudio2 using 'Alienware2210-C (NVIDIA High Definition Audio)' : 2 channels at 48 kHz using 16 bits per sample (channel mask 0x3)
[2017.07.26-14.41.23:260][963]LogInit: FAudioDevice initialized.
[2017.07.26-14.41.23:289][963]LogLoad: Game class is 'FirstPersonGameMode_C'
[2017.07.26-14.41.23:291][963]PIE:Warning: Warning Invalid Simulate Options: Body (EditorCube21_15.StaticMeshComponent0 1M_Cube) is set to simulate physics but Collision Enabled is incompatible
[2017.07.26-14.41.23:291][963]PIE:Warning: Warning Invalid Simulate Options: Body (EditorCube21_15.StaticMeshComponent0 1M_Cube) is set to simulate physics but Collision Enabled is incompatible
[2017.07.26-14.41.23:292][963]LogWorld: Bringing World /Game/FirstPersonBP/Maps/UEDPIE_0_FirstPersonExampleMap.FirstPersonExampleMap up for play (max tick rate 0) at 2017.07.26-10.41.23
[2017.07.26-14.41.23:293][963]LogWorld: Bringing up level for play took: 0.003390
[2017.07.26-14.41.23:295][963]PIE: Info Play in editor start time for /Game/FirstPersonBP/Maps/UEDPIE_0_FirstPersonExampleMap 0.26
[2017.07.26-14.41.23:295][963]LogBlueprintUserMessages: Late PlayInEditor Detection: Level '/Game/FirstPersonBP/Maps/FirstPersonExampleMap.FirstPersonExampleMap:PersistentLevel' has LevelScriptBlueprint '/Game/FirstPersonBP/Maps/FirstPersonExampleMap.FirstPersonExampleMap:PersistentLevel.FirstPersonExampleMap' with GeneratedClass '/Game/FirstPersonBP/Maps/FirstPersonExampleMap.FirstPersonExampleMap_C' with ClassGeneratedBy '/Game/FirstPersonBP/Maps/FirstPersonExampleMap.FirstPersonExampleMap:PersistentLevel.FirstPersonExampleMap'
[2017.07.26-14.41.32:350][ 47]LogCharacterMovement: BP_FirstPersonPlayer_C_0 is stuck and failed to move! Velocity: X=-27.04 Y=-100.12 Z=0.00 Location: X=412.77 Y=-188.54 Z=266.79 Normal: X=0.00 Y=0.00 Z=-1.00 PenetrationDepth:5.287 Actor:BP_Cube_C_10 Component:Cube BoneName:None (0 other events since notify)
[2017.07.26-14.41.46:761][776]LogCharacterMovement: BP_FirstPersonPlayer_C_0 is stuck and failed to move! Velocity: X=487.29 Y=-350.07 Z=0.00 Location: X=1153.57 Y=-929.89 Z=266.27 Normal: X=-0.04 Y=0.06 Z=-1.00 PenetrationDepth:5.462 Actor:BP_Cube_C_82 Component:Cube BoneName:None (1 other events since notify)
[2017.07.26-14.41.55:755][855]LogCharacterMovement: BP_FirstPersonPlayer_C_0 is stuck and failed to move! Velocity: X=447.02 Y=282.85 Z=0.00 Location: X=425.42 Y=221.03 Z=266.32 Normal: X=0.00 Y=-0.46 Z=-0.89 PenetrationDepth:0.834 Actor:BP_Cube_C_127 Component:Cube BoneName:None (1 other events since notify)
[2017.07.26-14.42.10:151][582]LogBlueprintUserMessages: Early EndPlayMap Detection: Level '/Game/FirstPersonBP/Maps/FirstPersonExampleMap.FirstPersonExampleMap:PersistentLevel' has LevelScriptBlueprint '/Game/FirstPersonBP/Maps/FirstPersonExampleMap.FirstPersonExampleMap:PersistentLevel.FirstPersonExampleMap' with GeneratedClass '/Game/FirstPersonBP/Maps/FirstPersonExampleMap.FirstPersonExampleMap_C' with ClassGeneratedBy '/Game/FirstPersonBP/Maps/FirstPersonExampleMap.FirstPersonExampleMap:PersistentLevel.FirstPersonExampleMap'
[2017.07.26-14.42.10:195][582]LogBlueprintUserMessages: Late EndPlayMap Detection: Level '/Game/FirstPersonBP/Maps/FirstPersonExampleMap.FirstPersonExampleMap:PersistentLevel' has LevelScriptBlueprint '/Game/FirstPersonBP/Maps/FirstPersonExampleMap.FirstPersonExampleMap:PersistentLevel.FirstPersonExampleMap' with GeneratedClass '/Game/FirstPersonBP/Maps/FirstPersonExampleMap.FirstPersonExampleMap_C' with ClassGeneratedBy '/Game/FirstPersonBP/Maps/FirstPersonExampleMap.FirstPersonExampleMap:PersistentLevel.FirstPersonExampleMap'
[2017.07.26-14.42.23:440][158]BlueprintLog: New page: Compile BP_CubeSpawner
[2017.07.26-14.42.25:801][429]LogTemp: Repeting last play command: Selected Viewport
[2017.07.26-14.42.25:816][429]LogBlueprintUserMessages: Early PlayInEditor Detection: Level '/Game/FirstPersonBP/Maps/FirstPersonExampleMap.FirstPersonExampleMap:PersistentLevel' has LevelScriptBlueprint '/Game/FirstPersonBP/Maps/FirstPersonExampleMap.FirstPersonExampleMap:PersistentLevel.FirstPersonExampleMap' with GeneratedClass '/Game/FirstPersonBP/Maps/FirstPersonExampleMap.FirstPersonExampleMap_C' with ClassGeneratedBy '/Game/FirstPersonBP/Maps/FirstPersonExampleMap.FirstPersonExampleMap:PersistentLevel.FirstPersonExampleMap'
[2017.07.26-14.42.25:816][429]LogPlayLevel: PlayLevel: No blueprints needed recompiling
[2017.07.26-14.42.25:816][429]PIE: New page: PIE session: FirstPersonExampleMap (Jul 26, 2017, 6:42:25 AM)
[2017.07.26-14.42.25:816][429]LogPlayLevel: Creating play world package: /Game/FirstPersonBP/Maps/UEDPIE_0_FirstPersonExampleMap
[2017.07.26-14.42.25:838][429]LogPlayLevel: PIE: StaticDuplicateObject took: (0.022167s)
[2017.07.26-14.42.25:839][429]LogAIModule: Creating AISystem for world FirstPersonExampleMap
[2017.07.26-14.42.25:839][429]LogPlayLevel: PIE: World Init took: (0.000715s)
[2017.07.26-14.42.25:839][429]LogPlayLevel: PIE: Created PIE world by copying editor world from /Game/FirstPersonBP/Maps/FirstPersonExampleMap.FirstPersonExampleMap to /Game/FirstPersonBP/Maps/UEDPIE_0_FirstPersonExampleMap.FirstPersonExampleMap (0.023132s)
[2017.07.26-14.42.25:881][429]LogInit: XAudio2 using 'Alienware2210-C (NVIDIA High Definition Audio)' : 2 channels at 48 kHz using 16 bits per sample (channel mask 0x3)
[2017.07.26-14.42.25:885][429]LogInit: FAudioDevice initialized.
[2017.07.26-14.42.25:929][429]LogLoad: Game class is 'FirstPersonGameMode_C'
[2017.07.26-14.42.25:931][429]PIE:Warning: Warning Invalid Simulate Options: Body (EditorCube21_15.StaticMeshComponent0 1M_Cube) is set to simulate physics but Collision Enabled is incompatible
[2017.07.26-14.42.25:931][429]PIE:Warning: Warning Invalid Simulate Options: Body (EditorCube21_15.StaticMeshComponent0 1M_Cube) is set to simulate physics but Collision Enabled is incompatible
[2017.07.26-14.42.25:932][429]LogWorld: Bringing World /Game/FirstPersonBP/Maps/UEDPIE_0_FirstPersonExampleMap.FirstPersonExampleMap up for play (max tick rate 0) at 2017.07.26-10.42.25
[2017.07.26-14.42.25:933][429]LogWorld: Bringing up level for play took: 0.003360
[2017.07.26-14.42.25:936][429]PIE: Info Play in editor start time for /Game/FirstPersonBP/Maps/UEDPIE_0_FirstPersonExampleMap 0.902
[2017.07.26-14.42.25:937][429]LogBlueprintUserMessages: Late PlayInEditor Detection: Level '/Game/FirstPersonBP/Maps/FirstPersonExampleMap.FirstPersonExampleMap:PersistentLevel' has LevelScriptBlueprint '/Game/FirstPersonBP/Maps/FirstPersonExampleMap.FirstPersonExampleMap:PersistentLevel.FirstPersonExampleMap' with GeneratedClass '/Game/FirstPersonBP/Maps/FirstPersonExampleMap.FirstPersonExampleMap_C' with ClassGeneratedBy '/Game/FirstPersonBP/Maps/FirstPersonExampleMap.FirstPersonExampleMap:PersistentLevel.FirstPersonExampleMap'
[2017.07.26-14.42.25:966][429]LogRenderer: Reallocating scene render targets to support 1292x900 NumSamples 1 (Frame:39112).
[2017.07.26-14.43.08:866][569]LogSpawn:Warning: SpawnActor failed because of collision at the spawn location [X=-808.638 Y=1314.008 Z=299.168] for [BP_FirstPersonProjectile_C]
[2017.07.26-14.43.45:812][999]LogCharacterMovement: BP_FirstPersonPlayer_C_0 is stuck and failed to move! Velocity: X=-269.67 Y=535.98 Z=0.00 Location: X=-1312.31 Y=680.94 Z=267.23 Normal: X=0.00 Y=-0.00 Z=-1.00 PenetrationDepth:15.036 Actor:BP_Cube_C_72 Component:Cube BoneName:None (0 other events since notify)
[2017.07.26-14.44.18:532][925]LogBlueprintUserMessages: Early EndPlayMap Detection: Level '/Game/FirstPersonBP/Maps/FirstPersonExampleMap.FirstPersonExampleMap:PersistentLevel' has LevelScriptBlueprint '/Game/FirstPersonBP/Maps/FirstPersonExampleMap.FirstPersonExampleMap:PersistentLevel.FirstPersonExampleMap' with GeneratedClass '/Game/FirstPersonBP/Maps/FirstPersonExampleMap.FirstPersonExampleMap_C' with ClassGeneratedBy '/Game/FirstPersonBP/Maps/FirstPersonExampleMap.FirstPersonExampleMap:PersistentLevel.FirstPersonExampleMap'
[2017.07.26-14.44.18:588][925]LogBlueprintUserMessages: Late EndPlayMap Detection: Level '/Game/FirstPersonBP/Maps/FirstPersonExampleMap.FirstPersonExampleMap:PersistentLevel' has LevelScriptBlueprint '/Game/FirstPersonBP/Maps/FirstPersonExampleMap.FirstPersonExampleMap:PersistentLevel.FirstPersonExampleMap' with GeneratedClass '/Game/FirstPersonBP/Maps/FirstPersonExampleMap.FirstPersonExampleMap_C' with ClassGeneratedBy '/Game/FirstPersonBP/Maps/FirstPersonExampleMap.FirstPersonExampleMap:PersistentLevel.FirstPersonExampleMap'
[2017.07.26-14.47.54:583][833]LogTemp: Repeting last play command: Selected Viewport
[2017.07.26-14.47.54:601][833]LogBlueprintUserMessages: Early PlayInEditor Detection: Level '/Game/FirstPersonBP/Maps/FirstPersonExampleMap.FirstPersonExampleMap:PersistentLevel' has LevelScriptBlueprint '/Game/FirstPersonBP/Maps/FirstPersonExampleMap.FirstPersonExampleMap:PersistentLevel.FirstPersonExampleMap' with GeneratedClass '/Game/FirstPersonBP/Maps/FirstPersonExampleMap.FirstPersonExampleMap_C' with ClassGeneratedBy '/Game/FirstPersonBP/Maps/FirstPersonExampleMap.FirstPersonExampleMap:PersistentLevel.FirstPersonExampleMap'
[2017.07.26-14.47.54:601][833]LogPlayLevel: PlayLevel: No blueprints needed recompiling
[2017.07.26-14.47.54:601][833]PIE: New page: PIE session: FirstPersonExampleMap (Jul 26, 2017, 6:47:54 AM)
[2017.07.26-14.47.54:601][833]LogPlayLevel: Creating play world package: /Game/FirstPersonBP/Maps/UEDPIE_0_FirstPersonExampleMap
[2017.07.26-14.47.54:624][833]LogPlayLevel: PIE: StaticDuplicateObject took: (0.022687s)
[2017.07.26-14.47.54:624][833]LogAIModule: Creating AISystem for world FirstPersonExampleMap
[2017.07.26-14.47.54:625][833]LogPlayLevel: PIE: World Init took: (0.000899s)
[2017.07.26-14.47.54:625][833]LogPlayLevel: PIE: Created PIE world by copying editor world from /Game/FirstPersonBP/Maps/FirstPersonExampleMap.FirstPersonExampleMap to /Game/FirstPersonBP/Maps/UEDPIE_0_FirstPersonExampleMap.FirstPersonExampleMap (0.023848s)
[2017.07.26-14.47.54:669][833]LogInit: XAudio2 using 'Alienware2210-C (NVIDIA High Definition Audio)' : 2 channels at 48 kHz using 16 bits per sample (channel mask 0x3)
[2017.07.26-14.47.54:673][833]LogInit: FAudioDevice initialized.
[2017.07.26-14.47.54:704][833]LogLoad: Game class is 'FirstPersonGameMode_C'
[2017.07.26-14.47.54:706][833]PIE:Warning: Warning Invalid Simulate Options: Body (EditorCube21_15.StaticMeshComponent0 1M_Cube) is set to simulate physics but Collision Enabled is incompatible
[2017.07.26-14.47.54:706][833]PIE:Warning: Warning Invalid Simulate Options: Body (EditorCube21_15.StaticMeshComponent0 1M_Cube) is set to simulate physics but Collision Enabled is incompatible
[2017.07.26-14.47.54:707][833]LogWorld: Bringing World /Game/FirstPersonBP/Maps/UEDPIE_0_FirstPersonExampleMap.FirstPersonExampleMap up for play (max tick rate 0) at 2017.07.26-10.47.54
[2017.07.26-14.47.54:708][833]LogWorld: Bringing up level for play took: 0.002773
[2017.07.26-14.47.54:710][833]PIE: Info Play in editor start time for /Game/FirstPersonBP/Maps/UEDPIE_0_FirstPersonExampleMap -0.32
[2017.07.26-14.47.54:710][833]LogBlueprintUserMessages: Late PlayInEditor Detection: Level '/Game/FirstPersonBP/Maps/FirstPersonExampleMap.FirstPersonExampleMap:PersistentLevel' has LevelScriptBlueprint '/Game/FirstPersonBP/Maps/FirstPersonExampleMap.FirstPersonExampleMap:PersistentLevel.FirstPersonExampleMap' with GeneratedClass '/Game/FirstPersonBP/Maps/FirstPersonExampleMap.FirstPersonExampleMap_C' with ClassGeneratedBy '/Game/FirstPersonBP/Maps/FirstPersonExampleMap.FirstPersonExampleMap:PersistentLevel.FirstPersonExampleMap'
[2017.07.26-14.48.10:591][736]LogBlueprintUserMessages: Early EndPlayMap Detection: Level '/Game/FirstPersonBP/Maps/FirstPersonExampleMap.FirstPersonExampleMap:PersistentLevel' has LevelScriptBlueprint '/Game/FirstPersonBP/Maps/FirstPersonExampleMap.FirstPersonExampleMap:PersistentLevel.FirstPersonExampleMap' with GeneratedClass '/Game/FirstPersonBP/Maps/FirstPersonExampleMap.FirstPersonExampleMap_C' with ClassGeneratedBy '/Game/FirstPersonBP/Maps/FirstPersonExampleMap.FirstPersonExampleMap:PersistentLevel.FirstPersonExampleMap'
[2017.07.26-14.48.10:633][736]LogBlueprintUserMessages: Late EndPlayMap Detection: Level '/Game/FirstPersonBP/Maps/FirstPersonExampleMap.FirstPersonExampleMap:PersistentLevel' has LevelScriptBlueprint '/Game/FirstPersonBP/Maps/FirstPersonExampleMap.FirstPersonExampleMap:PersistentLevel.FirstPersonExampleMap' with GeneratedClass '/Game/FirstPersonBP/Maps/FirstPersonExampleMap.FirstPersonExampleMap_C' with ClassGeneratedBy '/Game/FirstPersonBP/Maps/FirstPersonExampleMap.FirstPersonExampleMap:PersistentLevel.FirstPersonExampleMap'
[2017.07.26-14.48.32:241][318]LogTemp: Repeting last play command: Selected Viewport
[2017.07.26-14.48.32:255][318]LogBlueprintUserMessages: Early PlayInEditor Detection: Level '/Game/FirstPersonBP/Maps/FirstPersonExampleMap.FirstPersonExampleMap:PersistentLevel' has LevelScriptBlueprint '/Game/FirstPersonBP/Maps/FirstPersonExampleMap.FirstPersonExampleMap:PersistentLevel.FirstPersonExampleMap' with GeneratedClass '/Game/FirstPersonBP/Maps/FirstPersonExampleMap.FirstPersonExampleMap_C' with ClassGeneratedBy '/Game/FirstPersonBP/Maps/FirstPersonExampleMap.FirstPersonExampleMap:PersistentLevel.FirstPersonExampleMap'
[2017.07.26-14.48.32:256][318]LogPlayLevel: PlayLevel: No blueprints needed recompiling
[2017.07.26-14.48.32:256][318]PIE: New page: PIE session: FirstPersonExampleMap (Jul 26, 2017, 6:48:32 AM)
[2017.07.26-14.48.32:256][318]LogPlayLevel: Creating play world package: /Game/FirstPersonBP/Maps/UEDPIE_0_FirstPersonExampleMap
[2017.07.26-14.48.32:278][318]LogPlayLevel: PIE: StaticDuplicateObject took: (0.022674s)
[2017.07.26-14.48.32:279][318]LogAIModule: Creating AISystem for world FirstPersonExampleMap
[2017.07.26-14.48.32:279][318]LogPlayLevel: PIE: World Init took: (0.000722s)
[2017.07.26-14.48.32:279][318]LogPlayLevel: PIE: Created PIE world by copying editor world from /Game/FirstPersonBP/Maps/FirstPersonExampleMap.FirstPersonExampleMap to /Game/FirstPersonBP/Maps/UEDPIE_0_FirstPersonExampleMap.FirstPersonExampleMap (0.023629s)
[2017.07.26-14.48.32:317][318]LogInit: XAudio2 using 'Alienware2210-C (NVIDIA High Definition Audio)' : 2 channels at 48 kHz using 16 bits per sample (channel mask 0x3)
[2017.07.26-14.48.32:322][318]LogInit: FAudioDevice initialized.
[2017.07.26-14.48.32:368][318]LogLoad: Game class is 'FirstPersonGameMode_C'
[2017.07.26-14.48.32:370][318]PIE:Warning: Warning Invalid Simulate Options: Body (EditorCube21_15.StaticMeshComponent0 1M_Cube) is set to simulate physics but Collision Enabled is incompatible
[2017.07.26-14.48.32:370][318]PIE:Warning: Warning Invalid Simulate Options: Body (EditorCube21_15.StaticMeshComponent0 1M_Cube) is set to simulate physics but Collision Enabled is incompatible
[2017.07.26-14.48.32:371][318]LogWorld: Bringing World /Game/FirstPersonBP/Maps/UEDPIE_0_FirstPersonExampleMap.FirstPersonExampleMap up for play (max tick rate 0) at 2017.07.26-10.48.32
[2017.07.26-14.48.32:371][318]LogWorld: Bringing up level for play took: 0.002659
[2017.07.26-14.48.32:375][318]PIE: Info Play in editor start time for /Game/FirstPersonBP/Maps/UEDPIE_0_FirstPersonExampleMap -0.655
[2017.07.26-14.48.32:375][318]LogBlueprintUserMessages: Late PlayInEditor Detection: Level '/Game/FirstPersonBP/Maps/FirstPersonExampleMap.FirstPersonExampleMap:PersistentLevel' has LevelScriptBlueprint '/Game/FirstPersonBP/Maps/FirstPersonExampleMap.FirstPersonExampleMap:PersistentLevel.FirstPersonExampleMap' with GeneratedClass '/Game/FirstPersonBP/Maps/FirstPersonExampleMap.FirstPersonExampleMap_C' with ClassGeneratedBy '/Game/FirstPersonBP/Maps/FirstPersonExampleMap.FirstPersonExampleMap:PersistentLevel.FirstPersonExampleMap'
[2017.07.26-14.48.38:479][912]LogBlueprintUserMessages: Early EndPlayMap Detection: Level '/Game/FirstPersonBP/Maps/FirstPersonExampleMap.FirstPersonExampleMap:PersistentLevel' has LevelScriptBlueprint '/Game/FirstPersonBP/Maps/FirstPersonExampleMap.FirstPersonExampleMap:PersistentLevel.FirstPersonExampleMap' with GeneratedClass '/Game/FirstPersonBP/Maps/FirstPersonExampleMap.FirstPersonExampleMap_C' with ClassGeneratedBy '/Game/FirstPersonBP/Maps/FirstPersonExampleMap.FirstPersonExampleMap:PersistentLevel.FirstPersonExampleMap'
[2017.07.26-14.48.38:533][912]LogBlueprintUserMessages: Late EndPlayMap Detection: Level '/Game/FirstPersonBP/Maps/FirstPersonExampleMap.FirstPersonExampleMap:PersistentLevel' has LevelScriptBlueprint '/Game/FirstPersonBP/Maps/FirstPersonExampleMap.FirstPersonExampleMap:PersistentLevel.FirstPersonExampleMap' with GeneratedClass '/Game/FirstPersonBP/Maps/FirstPersonExampleMap.FirstPersonExampleMap_C' with ClassGeneratedBy '/Game/FirstPersonBP/Maps/FirstPersonExampleMap.FirstPersonExampleMap:PersistentLevel.FirstPersonExampleMap'
[2017.07.26-14.48.44:057][567]LogEditorViewport: Clicking on Actor (LMB): BP_Sky_Sphere_C (SkySphereBlueprint)
[2017.07.26-14.48.45:429][728]LogTemp: Repeting last play command: Selected Viewport
[2017.07.26-14.48.45:440][728]LogBlueprintUserMessages: Early PlayInEditor Detection: Level '/Game/FirstPersonBP/Maps/FirstPersonExampleMap.FirstPersonExampleMap:PersistentLevel' has LevelScriptBlueprint '/Game/FirstPersonBP/Maps/FirstPersonExampleMap.FirstPersonExampleMap:PersistentLevel.FirstPersonExampleMap' with GeneratedClass '/Game/FirstPersonBP/Maps/FirstPersonExampleMap.FirstPersonExampleMap_C' with ClassGeneratedBy '/Game/FirstPersonBP/Maps/FirstPersonExampleMap.FirstPersonExampleMap:PersistentLevel.FirstPersonExampleMap'
[2017.07.26-14.48.45:440][728]LogPlayLevel: PlayLevel: No blueprints needed recompiling
[2017.07.26-14.48.45:440][728]PIE: New page: PIE session: FirstPersonExampleMap (Jul 26, 2017, 6:48:45 AM)
[2017.07.26-14.48.45:440][728]LogPlayLevel: Creating play world package: /Game/FirstPersonBP/Maps/UEDPIE_0_FirstPersonExampleMap
[2017.07.26-14.48.45:457][728]LogPlayLevel: PIE: StaticDuplicateObject took: (0.016742s)
[2017.07.26-14.48.45:458][728]LogAIModule: Creating AISystem for world FirstPersonExampleMap
[2017.07.26-14.48.45:458][728]LogPlayLevel: PIE: World Init took: (0.000846s)
[2017.07.26-14.48.45:458][728]LogPlayLevel: PIE: Created PIE world by copying editor world from /Game/FirstPersonBP/Maps/FirstPersonExampleMap.FirstPersonExampleMap to /Game/FirstPersonBP/Maps/UEDPIE_0_FirstPersonExampleMap.FirstPersonExampleMap (0.017891s)
[2017.07.26-14.48.45:496][728]LogInit: XAudio2 using 'Alienware2210-C (NVIDIA High Definition Audio)' : 2 channels at 48 kHz using 16 bits per sample (channel mask 0x3)
[2017.07.26-14.48.45:500][728]LogInit: FAudioDevice initialized.
[2017.07.26-14.48.45:528][728]LogLoad: Game class is 'FirstPersonGameMode_C'
[2017.07.26-14.48.45:529][728]PIE:Warning: Warning Invalid Simulate Options: Body (EditorCube21_15.StaticMeshComponent0 1M_Cube) is set to simulate physics but Collision Enabled is incompatible
[2017.07.26-14.48.45:529][728]PIE:Warning: Warning Invalid Simulate Options: Body (EditorCube21_15.StaticMeshComponent0 1M_Cube) is set to simulate physics but Collision Enabled is incompatible
[2017.07.26-14.48.45:530][728]LogWorld: Bringing World /Game/FirstPersonBP/Maps/UEDPIE_0_FirstPersonExampleMap.FirstPersonExampleMap up for play (max tick rate 0) at 2017.07.26-10.48.45
[2017.07.26-14.48.45:531][728]LogWorld: Bringing up level for play took: 0.002321
[2017.07.26-14.48.45:532][728]PIE: Info Play in editor start time for /Game/FirstPersonBP/Maps/UEDPIE_0_FirstPersonExampleMap 0.503
[2017.07.26-14.48.45:533][728]LogBlueprintUserMessages: Late PlayInEditor Detection: Level '/Game/FirstPersonBP/Maps/FirstPersonExampleMap.FirstPersonExampleMap:PersistentLevel' has LevelScriptBlueprint '/Game/FirstPersonBP/Maps/FirstPersonExampleMap.FirstPersonExampleMap:PersistentLevel.FirstPersonExampleMap' with GeneratedClass '/Game/FirstPersonBP/Maps/FirstPersonExampleMap.FirstPersonExampleMap_C' with ClassGeneratedBy '/Game/FirstPersonBP/Maps/FirstPersonExampleMap.FirstPersonExampleMap:PersistentLevel.FirstPersonExampleMap'
[2017.07.26-14.49.31:534][245]LogBlueprintUserMessages: Early EndPlayMap Detection: Level '/Game/FirstPersonBP/Maps/FirstPersonExampleMap.FirstPersonExampleMap:PersistentLevel' has LevelScriptBlueprint '/Game/FirstPersonBP/Maps/FirstPersonExampleMap.FirstPersonExampleMap:PersistentLevel.FirstPersonExampleMap' with GeneratedClass '/Game/FirstPersonBP/Maps/FirstPersonExampleMap.FirstPersonExampleMap_C' with ClassGeneratedBy '/Game/FirstPersonBP/Maps/FirstPersonExampleMap.FirstPersonExampleMap:PersistentLevel.FirstPersonExampleMap'
[2017.07.26-14.49.31:576][245]LogBlueprintUserMessages: Late EndPlayMap Detection: Level '/Game/FirstPersonBP/Maps/FirstPersonExampleMap.FirstPersonExampleMap:PersistentLevel' has LevelScriptBlueprint '/Game/FirstPersonBP/Maps/FirstPersonExampleMap.FirstPersonExampleMap:PersistentLevel.FirstPersonExampleMap' with GeneratedClass '/Game/FirstPersonBP/Maps/FirstPersonExampleMap.FirstPersonExampleMap_C' with ClassGeneratedBy '/Game/FirstPersonBP/Maps/FirstPersonExampleMap.FirstPersonExampleMap:PersistentLevel.FirstPersonExampleMap'
[2017.07.26-14.49.35:274][676]Cmd: OBJ SAVEPACKAGE PACKAGE="/Game/FirstPersonBP/Maps/FirstPersonExampleMap" FILE="D:/KOC 24/FPS_Game/Content/FirstPersonBP/Maps/FirstPersonExampleMap.umap" SILENT=true AUTOSAVING=false KEEPDIRTY=false
[2017.07.26-14.49.35:451][676]LogSavePackage: Save=138.23ms
[2017.07.26-14.49.35:451][676]LogSavePackage: Moving 'D:/KOC 24/FPS_Game/Saved/FirstPersonExampleMapCD47BE564064F349C35FAC8C6E5C169C.tmp' to 'D:/KOC 24/FPS_Game/Content/FirstPersonBP/Maps/FirstPersonExampleMap.umap'
[2017.07.26-14.49.35:454][676]LogSavePackage:Display: Finished SavePackage D:/KOC 24/FPS_Game/Content/FirstPersonBP/Maps/FirstPersonExampleMap.umap
[2017.07.26-14.49.35:474][676]Cmd: OBJ SAVEPACKAGE PACKAGE="/Game/FirstPersonBP/Maps/FirstPersonExampleMap_BuiltData" FILE="D:/KOC 24/FPS_Game/Content/FirstPersonBP/Maps/FirstPersonExampleMap_BuiltData.uasset" SILENT=true
[2017.07.26-14.49.38:275][676]LogSavePackage: Save=2738.37ms
[2017.07.26-14.49.38:275][676]LogSavePackage: Moving 'D:/KOC 24/FPS_Game/Saved/FirstPersonExampleMap_BuiltDataBA3217DA4A2227AF635452BC59FDDF21.tmp' to 'D:/KOC 24/FPS_Game/Content/FirstPersonBP/Maps/FirstPersonExampleMap_BuiltData.uasset'
[2017.07.26-14.49.38:277][676]LogSavePackage:Display: Finished SavePackage D:/KOC 24/FPS_Game/Content/FirstPersonBP/Maps/FirstPersonExampleMap_BuiltData.uasset
[2017.07.26-14.49.41:790][ 80]Cmd: OBJ SAVEPACKAGE PACKAGE="/Game/KOC/Blueprints/BP_CubeSpawner" FILE="D:/KOC 24/FPS_Game/Content/KOC/Blueprints/BP_CubeSpawner.uasset" SILENT=true
